\BOOKMARK [0][]{Contents.0}{\376\377\000C\000o\000n\000t\000e\000n\000t\000s}{}% 1
\BOOKMARK [0][]{chapter*.7}{\376\377\000L\000i\000s\000t\000\040\000o\000f\000\040\000f\000i\000g\000u\000r\000e\000s}{}% 2
\BOOKMARK [0][]{chapter.1}{\376\377\0001\000\040\000I\000n\000t\000r\000o\000d\000u\000c\000t\000i\000o\000n}{}% 3
\BOOKMARK [1][]{section.1.1}{\376\377\0001\000.\0001\000\040\000M\000o\000t\000i\000v\000a\000t\000i\000o\000n}{chapter.1}% 4
\BOOKMARK [1][]{section.1.2}{\376\377\0001\000.\0002\000\040\000P\000r\000o\000j\000e\000c\000t\000\040\000A\000i\000m\000s}{chapter.1}% 5
\BOOKMARK [1][]{section.1.3}{\376\377\0001\000.\0003\000\040\000R\000e\000l\000a\000t\000e\000d\000\040\000W\000o\000r\000k}{chapter.1}% 6
\BOOKMARK [2][]{subsection.1.3.1}{\376\377\0001\000.\0003\000.\0001\000\040\000T\000C\000P\000\040\000C\000o\000n\000g\000e\000s\000t\000i\000o\000n\000\040\000C\000o\000n\000t\000r\000o\000l}{section.1.3}% 7
\BOOKMARK [2][]{subsection.1.3.2}{\376\377\0001\000.\0003\000.\0002\000\040\000P\000r\000o\000g\000r\000a\000m\000m\000a\000b\000l\000e\000\040\000D\000a\000t\000a\000\040\000P\000l\000a\000n\000e\000s}{section.1.3}% 8
\BOOKMARK [0][]{chapter.2}{\376\377\0002\000\040\000P\000r\000e\000p\000a\000r\000a\000t\000i\000o\000n}{}% 9
\BOOKMARK [1][]{section.2.1}{\376\377\0002\000.\0001\000\040\000R\000e\000f\000i\000n\000e\000m\000e\000n\000t\000\040\000o\000f\000\040\000t\000h\000e\000\040\000p\000r\000o\000j\000e\000c\000t\000\040\000p\000r\000o\000p\000o\000s\000a\000l}{chapter.2}% 10
\BOOKMARK [1][]{section.2.2}{\376\377\0002\000.\0002\000\040\000S\000o\000f\000t\000w\000a\000r\000e\000\040\000U\000s\000e\000d}{chapter.2}% 11
\BOOKMARK [2][]{subsection.2.2.1}{\376\377\0002\000.\0002\000.\0001\000\040\000P\000r\000o\000g\000r\000a\000m\000m\000i\000n\000g\000\040\000L\000a\000n\000g\000u\000a\000g\000e\000s}{section.2.2}% 12
\BOOKMARK [2][]{subsection.2.2.2}{\376\377\0002\000.\0002\000.\0002\000\040\000P\0004\000-\000N\000e\000t\000F\000P\000G\000A\000\040\000P\000l\000a\000t\000f\000o\000r\000m}{section.2.2}% 13
\BOOKMARK [2][]{subsection.2.2.3}{\376\377\0002\000.\0002\000.\0003\000\040\000T\000h\000e\000\040\000N\000e\000t\000F\000P\000G\000A\000\040\000S\000U\000M\000E\000\040\000b\000o\000a\000r\000d}{section.2.2}% 14
\BOOKMARK [2][]{subsection.2.2.4}{\376\377\0002\000.\0002\000.\0004\000\040\000D\000e\000v\000e\000l\000o\000p\000m\000e\000n\000t\000\040\000E\000n\000v\000i\000r\000o\000n\000m\000e\000n\000t}{section.2.2}% 15
\BOOKMARK [2][]{subsection.2.2.5}{\376\377\0002\000.\0002\000.\0005\000\040\000H\000i\000g\000h\000-\000l\000e\000v\000e\000l\000\040\000A\000r\000c\000h\000i\000t\000e\000c\000t\000u\000r\000e\000\040\000\050\000n\000e\000t\000w\000o\000r\000k\000\040\000l\000e\000v\000e\000l\000\040\000a\000n\000d\000\040\000s\000y\000s\000t\000e\000m\000\040\000l\000e\000v\000e\000l\000\051}{section.2.2}% 16
\BOOKMARK [1][]{section.2.3}{\376\377\0002\000.\0003\000\040\000S\000t\000a\000r\000t\000i\000n\000g\000\040\000P\000o\000i\000n\000t}{chapter.2}% 17
\BOOKMARK [1][]{section.2.4}{\376\377\0002\000.\0004\000\040\000P\000r\000o\000j\000e\000c\000t\000\040\000W\000o\000r\000k\000f\000l\000o\000w}{chapter.2}% 18
\BOOKMARK [2][]{subsection.2.4.1}{\376\377\0002\000.\0004\000.\0001\000\040\000S\000e\000t\000t\000i\000n\000g\000\040\000U\000p\000\040\000T\000h\000e\000\040\000D\000e\000v\000e\000l\000o\000p\000m\000e\000n\000t\000\040\000E\000n\000v\000i\000r\000o\000n\000m\000e\000n\000t}{section.2.4}% 19
\BOOKMARK [2][]{subsection.2.4.2}{\376\377\0002\000.\0004\000.\0002\000\040\000G\000e\000t\000t\000i\000n\000g}{section.2.4}% 20
\BOOKMARK [2][]{subsection.2.4.3}{\376\377\0002\000.\0004\000.\0003\000\040\000D\000e\000s\000i\000g\000n\000\040\000a\000p\000p\000r\000o\000a\000c\000h\000\040\000/\000\040\000w\000o\000r\000k\000f\000l\000o\000w\000\040\000d\000i\000a\000g\000r\000a\000m\000s}{section.2.4}% 21
\BOOKMARK [2][]{subsection.2.4.4}{\376\377\0002\000.\0004\000.\0004\000\040\000R\000i\000s\000k\000\040\000a\000n\000a\000l\000y\000s\000i\000s}{section.2.4}% 22
\BOOKMARK [2][]{subsection.2.4.5}{\376\377\0002\000.\0004\000.\0005\000\040\000B\000a\000c\000k\000u\000p\000\040\000P\000l\000a\000n}{section.2.4}% 23
\BOOKMARK [1][]{section.2.5}{\376\377\0002\000.\0005\000\040\000R\000e\000q\000u\000i\000r\000e\000m\000e\000n\000t\000s\000\040\000A\000n\000a\000l\000y\000s\000i\000s}{chapter.2}% 24
\BOOKMARK [2][]{subsection.2.5.1}{\376\377\0002\000.\0005\000.\0001\000\040\000E\000x\000t\000e\000n\000s\000i\000o\000n\000s}{section.2.5}% 25
\BOOKMARK [0][]{chapter.3}{\376\377\0003\000\040\000I\000m\000p\000l\000e\000m\000e\000n\000t\000a\000t\000i\000o\000n}{}% 26
\BOOKMARK [1][]{section.3.1}{\376\377\0003\000.\0001\000\040\000R\000e\000p\000o\000s\000i\000t\000o\000r\000y\000\040\000O\000v\000e\000r\000v\000i\000e\000w}{chapter.3}% 27
\BOOKMARK [1][]{section.3.2}{\376\377\0003\000.\0002\000\040\000S\000o\000f\000t\000w\000a\000r\000e\000\040\000I\000m\000p\000l\000e\000m\000e\000n\000t\000a\000t\000i\000o\000n}{chapter.3}% 28
\BOOKMARK [2][]{subsection.3.2.1}{\376\377\0003\000.\0002\000.\0001\000\040\000T\000h\000e\000\040\000P\000a\000r\000s\000e\000r}{section.3.2}% 29
\BOOKMARK [2][]{subsection.3.2.2}{\376\377\0003\000.\0002\000.\0002\000\040\000T\000h\000e\000\040\000S\000i\000m\000p\000l\000e\000S\000u\000m\000e\000S\000w\000i\000t\000c\000h}{section.3.2}% 30
\BOOKMARK [2][]{subsection.3.2.3}{\376\377\0003\000.\0002\000.\0003\000\040\000T\000h\000e\000\040\000D\000e\000p\000a\000r\000s\000e\000r}{section.3.2}% 31
\BOOKMARK [1][]{section.3.3}{\376\377\0003\000.\0003\000\040\000H\000a\000r\000d\000w\000a\000r\000e\000\040\000I\000m\000p\000l\000e\000m\000e\000n\000t\000a\000t\000i\000o\000n}{chapter.3}% 32
\BOOKMARK [0][]{chapter.4}{\376\377\0004\000\040\000E\000v\000a\000l\000u\000a\000t\000i\000o\000n}{}% 33
\BOOKMARK [0][]{chapter.5}{\376\377\0005\000\040\000C\000o\000n\000c\000l\000u\000s\000i\000o\000n}{}% 34
\BOOKMARK [1][]{section.5.1}{\376\377\0005\000.\0001\000\040\000R\000e\000s\000u\000l\000t\000s}{chapter.5}% 35
\BOOKMARK [1][]{section.5.2}{\376\377\0005\000.\0002\000\040\000L\000e\000s\000s\000o\000n\000s\000\040\000L\000e\000a\000r\000n\000t}{chapter.5}% 36
\BOOKMARK [1][]{section.5.3}{\376\377\0005\000.\0003\000\040\000F\000u\000t\000u\000r\000e\000\040\000W\000o\000r\000k}{chapter.5}% 37
\BOOKMARK [0][]{chapter*.8}{\376\377\000B\000i\000b\000l\000i\000o\000g\000r\000a\000p\000h\000y}{}% 38
