Calling target program-options parser
Adding interface s2-eth1 as port 1
[21:02:17.535] [bmv2] [D] [thread 13718] Adding interface s2-eth1 as port 1
Adding interface s2-eth2 as port 2
[21:02:17.559] [bmv2] [D] [thread 13718] Adding interface s2-eth2 as port 2
Adding interface s2-eth3 as port 3
[21:02:17.604] [bmv2] [D] [thread 13718] Adding interface s2-eth3 as port 3
I1126 21:02:17.632234606   13718 server_builder.cc:247]      Synchronous server. Num CQs: 1, Min pollers: 1, Max Pollers: 2147483647, CQ timeout (msec): 1000
Server listening on 0.0.0.0:50052
Thrift server was started
New connection
P4Runtime SetForwardingPipelineConfig
[21:02:19.679] [bmv2] [D] [thread 13772] Set default default entry for table 'MyIngress.ipv4_lpm': MyIngress.drop - 
P4Runtime Write
device_id: 1
election_id {
  low: 1
}
updates {
  type: INSERT
  entity {
    table_entry {
      table_id: 33574068
      action {
        action {
          action_id: 16805608
        }
      }
      is_default_action: true
    }
  }
}
[21:02:19.681] [bmv2] [D] [thread 13772] Set default entry for table 'MyIngress.ipv4_lpm': MyIngress.drop - 
P4Runtime Write
device_id: 1
election_id {
  low: 1
}
updates {
  type: INSERT
  entity {
    table_entry {
      table_id: 33574068
      match {
        field_id: 1
        lpm {
          value: "\n\000\001\001"
          prefix_len: 32
        }
      }
      action {
        action {
          action_id: 16799317
          params {
            param_id: 1
            value: "\000\000\000\001\002\000"
          }
          params {
            param_id: 2
            value: "\000\002"
          }
        }
      }
    }
  }
}
[21:02:19.683] [bmv2] [D] [thread 13772] Entry 0 added to table 'MyIngress.ipv4_lpm'
[21:02:19.683] [bmv2] [D] [thread 13772] Dumping entry 0
Match key:
* hdr.ipv4.dstAddr    : LPM       0a000101/32
Action entry: MyIngress.ipv4_forward - 10200,2,

P4Runtime Write
device_id: 1
election_id {
  low: 1
}
updates {
  type: INSERT
  entity {
    table_entry {
      table_id: 33574068
      match {
        field_id: 1
        lpm {
          value: "\n\000\002\002"
          prefix_len: 32
        }
      }
      action {
        action {
          action_id: 16799317
          params {
            param_id: 1
            value: "\000\000\000\000\002\002"
          }
          params {
            param_id: 2
            value: "\000\001"
          }
        }
      }
    }
  }
}
[21:02:19.685] [bmv2] [D] [thread 13772] Entry 1 added to table 'MyIngress.ipv4_lpm'
[21:02:19.685] [bmv2] [D] [thread 13772] Dumping entry 1
Match key:
* hdr.ipv4.dstAddr    : LPM       0a000202/32
Action entry: MyIngress.ipv4_forward - 202,1,

P4Runtime Write
device_id: 1
election_id {
  low: 1
}
updates {
  type: INSERT
  entity {
    table_entry {
      table_id: 33574068
      match {
        field_id: 1
        lpm {
          value: "\n\000\003\003"
          prefix_len: 32
        }
      }
      action {
        action {
          action_id: 16799317
          params {
            param_id: 1
            value: "\000\000\000\003\003\000"
          }
          params {
            param_id: 2
            value: "\000\003"
          }
        }
      }
    }
  }
}
[21:02:19.687] [bmv2] [D] [thread 13772] Entry 2 added to table 'MyIngress.ipv4_lpm'
[21:02:19.687] [bmv2] [D] [thread 13772] Dumping entry 2
Match key:
* hdr.ipv4.dstAddr    : LPM       0a000303/32
Action entry: MyIngress.ipv4_forward - 30300,3,

Connection removed
[21:02:30.146] [bmv2] [D] [thread 13777] [0.0] [cxt 0] Processing packet received on port 2
[21:02:30.146] [bmv2] [D] [thread 13777] [0.0] [cxt 0] Parser 'parser': start
[21:02:30.146] [bmv2] [D] [thread 13777] [0.0] [cxt 0] Parser 'parser' entering state 'start'
[21:02:30.146] [bmv2] [D] [thread 13777] [0.0] [cxt 0] Extracting header 'ethernet'
[21:02:30.146] [bmv2] [D] [thread 13777] [0.0] [cxt 0] Parser state 'start': key is 0800
[21:02:30.146] [bmv2] [T] [thread 13777] [0.0] [cxt 0] Bytes parsed: 14
[21:02:30.146] [bmv2] [D] [thread 13777] [0.0] [cxt 0] Parser 'parser' entering state 'parse_ipv4'
[21:02:30.146] [bmv2] [D] [thread 13777] [0.0] [cxt 0] Extracting header 'ipv4'
[21:02:30.146] [bmv2] [D] [thread 13777] [0.0] [cxt 0] Parser state 'parse_ipv4' has no switch, going to default next state
[21:02:30.146] [bmv2] [T] [thread 13777] [0.0] [cxt 0] Bytes parsed: 34
[21:02:30.146] [bmv2] [D] [thread 13777] [0.0] [cxt 0] Verifying checksum 'cksum': true
[21:02:30.146] [bmv2] [D] [thread 13777] [0.0] [cxt 0] Parser 'parser': end
[21:02:30.146] [bmv2] [D] [thread 13777] [0.0] [cxt 0] Pipeline 'ingress': start
[21:02:30.146] [bmv2] [T] [thread 13777] [0.0] [cxt 0] basic.p4(133) Condition "hdr.ipv4.isValid()" (node_2) is true
[21:02:30.146] [bmv2] [T] [thread 13777] [0.0] [cxt 0] Applying table 'MyIngress.ipv4_lpm'
[21:02:30.146] [bmv2] [D] [thread 13777] [0.0] [cxt 0] Looking up key:
* hdr.ipv4.dstAddr    : 0a000202

[21:02:30.146] [bmv2] [D] [thread 13777] [0.0] [cxt 0] Table 'MyIngress.ipv4_lpm': hit with handle 1
[21:02:30.146] [bmv2] [D] [thread 13777] [0.0] [cxt 0] Dumping entry 1
Match key:
* hdr.ipv4.dstAddr    : LPM       0a000202/32
Action entry: MyIngress.ipv4_forward - 202,1,

[21:02:30.146] [bmv2] [D] [thread 13777] [0.0] [cxt 0] Action entry is MyIngress.ipv4_forward - 202,1,
[21:02:30.146] [bmv2] [T] [thread 13777] [0.0] [cxt 0] Action MyIngress.ipv4_forward
[21:02:30.146] [bmv2] [T] [thread 13777] [0.0] [cxt 0] basic.p4(110) Primitive standard_metadata.egress_spec = port
[21:02:30.146] [bmv2] [T] [thread 13777] [0.0] [cxt 0] basic.p4(111) Primitive hdr.ethernet.srcAddr = hdr.ethernet.dstAddr
[21:02:30.146] [bmv2] [T] [thread 13777] [0.0] [cxt 0] basic.p4(112) Primitive hdr.ethernet.dstAddr = dstAddr
[21:02:30.146] [bmv2] [T] [thread 13777] [0.0] [cxt 0] basic.p4(113) Primitive hdr.ipv4.ttl = hdr.ipv4.ttl -1
[21:02:30.146] [bmv2] [D] [thread 13777] [0.0] [cxt 0] Pipeline 'ingress': end
[21:02:30.146] [bmv2] [D] [thread 13777] [0.0] [cxt 0] Egress port is 1
[21:02:30.146] [bmv2] [D] [thread 13779] [0.0] [cxt 0] Pipeline 'egress': start
[21:02:30.146] [bmv2] [D] [thread 13779] [0.0] [cxt 0] Pipeline 'egress': end
[21:02:30.146] [bmv2] [D] [thread 13779] [0.0] [cxt 0] Deparser 'deparser': start
[21:02:30.146] [bmv2] [D] [thread 13779] [0.0] [cxt 0] Updating checksum 'cksum'
[21:02:30.146] [bmv2] [D] [thread 13779] [0.0] [cxt 0] Deparsing header 'ethernet'
[21:02:30.146] [bmv2] [D] [thread 13779] [0.0] [cxt 0] Deparsing header 'ipv4'
[21:02:30.146] [bmv2] [D] [thread 13779] [0.0] [cxt 0] Deparser 'deparser': end
[21:02:30.146] [bmv2] [D] [thread 13782] [0.0] [cxt 0] Transmitting packet of size 58 out of port 1
[21:02:30.147] [bmv2] [D] [thread 13777] [1.0] [cxt 0] Processing packet received on port 1
[21:02:30.147] [bmv2] [D] [thread 13777] [1.0] [cxt 0] Parser 'parser': start
[21:02:30.147] [bmv2] [D] [thread 13777] [1.0] [cxt 0] Parser 'parser' entering state 'start'
[21:02:30.147] [bmv2] [D] [thread 13777] [1.0] [cxt 0] Extracting header 'ethernet'
[21:02:30.147] [bmv2] [D] [thread 13777] [1.0] [cxt 0] Parser state 'start': key is 0800
[21:02:30.147] [bmv2] [T] [thread 13777] [1.0] [cxt 0] Bytes parsed: 14
[21:02:30.147] [bmv2] [D] [thread 13777] [1.0] [cxt 0] Parser 'parser' entering state 'parse_ipv4'
[21:02:30.147] [bmv2] [D] [thread 13777] [1.0] [cxt 0] Extracting header 'ipv4'
[21:02:30.147] [bmv2] [D] [thread 13777] [1.0] [cxt 0] Parser state 'parse_ipv4' has no switch, going to default next state
[21:02:30.147] [bmv2] [T] [thread 13777] [1.0] [cxt 0] Bytes parsed: 34
[21:02:30.147] [bmv2] [D] [thread 13777] [1.0] [cxt 0] Verifying checksum 'cksum': true
[21:02:30.147] [bmv2] [D] [thread 13777] [1.0] [cxt 0] Parser 'parser': end
[21:02:30.147] [bmv2] [D] [thread 13777] [1.0] [cxt 0] Pipeline 'ingress': start
[21:02:30.147] [bmv2] [T] [thread 13777] [1.0] [cxt 0] basic.p4(133) Condition "hdr.ipv4.isValid()" (node_2) is true
[21:02:30.147] [bmv2] [T] [thread 13777] [1.0] [cxt 0] Applying table 'MyIngress.ipv4_lpm'
[21:02:30.147] [bmv2] [D] [thread 13777] [1.0] [cxt 0] Looking up key:
* hdr.ipv4.dstAddr    : 0a000101

[21:02:30.148] [bmv2] [D] [thread 13777] [1.0] [cxt 0] Table 'MyIngress.ipv4_lpm': hit with handle 0
[21:02:30.148] [bmv2] [D] [thread 13777] [1.0] [cxt 0] Dumping entry 0
Match key:
* hdr.ipv4.dstAddr    : LPM       0a000101/32
Action entry: MyIngress.ipv4_forward - 10200,2,

[21:02:30.148] [bmv2] [D] [thread 13777] [1.0] [cxt 0] Action entry is MyIngress.ipv4_forward - 10200,2,
[21:02:30.148] [bmv2] [T] [thread 13777] [1.0] [cxt 0] Action MyIngress.ipv4_forward
[21:02:30.148] [bmv2] [T] [thread 13777] [1.0] [cxt 0] basic.p4(110) Primitive standard_metadata.egress_spec = port
[21:02:30.148] [bmv2] [T] [thread 13777] [1.0] [cxt 0] basic.p4(111) Primitive hdr.ethernet.srcAddr = hdr.ethernet.dstAddr
[21:02:30.148] [bmv2] [T] [thread 13777] [1.0] [cxt 0] basic.p4(112) Primitive hdr.ethernet.dstAddr = dstAddr
[21:02:30.148] [bmv2] [T] [thread 13777] [1.0] [cxt 0] basic.p4(113) Primitive hdr.ipv4.ttl = hdr.ipv4.ttl -1
[21:02:30.148] [bmv2] [D] [thread 13777] [1.0] [cxt 0] Pipeline 'ingress': end
[21:02:30.148] [bmv2] [D] [thread 13777] [1.0] [cxt 0] Egress port is 2
[21:02:30.148] [bmv2] [D] [thread 13780] [1.0] [cxt 0] Pipeline 'egress': start
[21:02:30.148] [bmv2] [D] [thread 13780] [1.0] [cxt 0] Pipeline 'egress': end
[21:02:30.148] [bmv2] [D] [thread 13780] [1.0] [cxt 0] Deparser 'deparser': start
[21:02:30.148] [bmv2] [D] [thread 13780] [1.0] [cxt 0] Updating checksum 'cksum'
[21:02:30.148] [bmv2] [D] [thread 13780] [1.0] [cxt 0] Deparsing header 'ethernet'
[21:02:30.148] [bmv2] [D] [thread 13780] [1.0] [cxt 0] Deparsing header 'ipv4'
[21:02:30.148] [bmv2] [D] [thread 13780] [1.0] [cxt 0] Deparser 'deparser': end
[21:02:30.148] [bmv2] [D] [thread 13782] [1.0] [cxt 0] Transmitting packet of size 54 out of port 2
[21:02:30.168] [bmv2] [D] [thread 13777] [2.0] [cxt 0] Processing packet received on port 2
[21:02:30.168] [bmv2] [D] [thread 13777] [2.0] [cxt 0] Parser 'parser': start
[21:02:30.168] [bmv2] [D] [thread 13777] [2.0] [cxt 0] Parser 'parser' entering state 'start'
[21:02:30.168] [bmv2] [D] [thread 13777] [2.0] [cxt 0] Extracting header 'ethernet'
[21:02:30.168] [bmv2] [D] [thread 13777] [2.0] [cxt 0] Parser state 'start': key is 0800
[21:02:30.168] [bmv2] [T] [thread 13777] [2.0] [cxt 0] Bytes parsed: 14
[21:02:30.168] [bmv2] [D] [thread 13777] [2.0] [cxt 0] Parser 'parser' entering state 'parse_ipv4'
[21:02:30.168] [bmv2] [D] [thread 13777] [2.0] [cxt 0] Extracting header 'ipv4'
[21:02:30.168] [bmv2] [D] [thread 13777] [2.0] [cxt 0] Parser state 'parse_ipv4' has no switch, going to default next state
[21:02:30.168] [bmv2] [T] [thread 13777] [2.0] [cxt 0] Bytes parsed: 34
[21:02:30.168] [bmv2] [D] [thread 13777] [2.0] [cxt 0] Verifying checksum 'cksum': true
[21:02:30.168] [bmv2] [D] [thread 13777] [2.0] [cxt 0] Parser 'parser': end
[21:02:30.168] [bmv2] [D] [thread 13777] [2.0] [cxt 0] Pipeline 'ingress': start
[21:02:30.168] [bmv2] [T] [thread 13777] [2.0] [cxt 0] basic.p4(133) Condition "hdr.ipv4.isValid()" (node_2) is true
[21:02:30.168] [bmv2] [T] [thread 13777] [2.0] [cxt 0] Applying table 'MyIngress.ipv4_lpm'
[21:02:30.168] [bmv2] [D] [thread 13777] [2.0] [cxt 0] Looking up key:
* hdr.ipv4.dstAddr    : 0a000202

[21:02:30.168] [bmv2] [D] [thread 13777] [2.0] [cxt 0] Table 'MyIngress.ipv4_lpm': hit with handle 1
[21:02:30.168] [bmv2] [D] [thread 13777] [2.0] [cxt 0] Dumping entry 1
Match key:
* hdr.ipv4.dstAddr    : LPM       0a000202/32
Action entry: MyIngress.ipv4_forward - 202,1,

[21:02:30.168] [bmv2] [D] [thread 13777] [2.0] [cxt 0] Action entry is MyIngress.ipv4_forward - 202,1,
[21:02:30.168] [bmv2] [T] [thread 13777] [2.0] [cxt 0] Action MyIngress.ipv4_forward
[21:02:30.168] [bmv2] [T] [thread 13777] [2.0] [cxt 0] basic.p4(110) Primitive standard_metadata.egress_spec = port
[21:02:30.168] [bmv2] [T] [thread 13777] [2.0] [cxt 0] basic.p4(111) Primitive hdr.ethernet.srcAddr = hdr.ethernet.dstAddr
[21:02:30.168] [bmv2] [T] [thread 13777] [2.0] [cxt 0] basic.p4(112) Primitive hdr.ethernet.dstAddr = dstAddr
[21:02:30.168] [bmv2] [T] [thread 13777] [2.0] [cxt 0] basic.p4(113) Primitive hdr.ipv4.ttl = hdr.ipv4.ttl -1
[21:02:30.168] [bmv2] [D] [thread 13777] [2.0] [cxt 0] Pipeline 'ingress': end
[21:02:30.168] [bmv2] [D] [thread 13777] [2.0] [cxt 0] Egress port is 1
[21:02:30.168] [bmv2] [D] [thread 13779] [2.0] [cxt 0] Pipeline 'egress': start
[21:02:30.168] [bmv2] [D] [thread 13779] [2.0] [cxt 0] Pipeline 'egress': end
[21:02:30.168] [bmv2] [D] [thread 13779] [2.0] [cxt 0] Deparser 'deparser': start
[21:02:30.168] [bmv2] [D] [thread 13779] [2.0] [cxt 0] Updating checksum 'cksum'
[21:02:30.168] [bmv2] [D] [thread 13779] [2.0] [cxt 0] Deparsing header 'ethernet'
[21:02:30.168] [bmv2] [D] [thread 13779] [2.0] [cxt 0] Deparsing header 'ipv4'
[21:02:30.168] [bmv2] [D] [thread 13779] [2.0] [cxt 0] Deparser 'deparser': end
[21:02:30.168] [bmv2] [D] [thread 13782] [2.0] [cxt 0] Transmitting packet of size 58 out of port 1
[21:02:30.168] [bmv2] [D] [thread 13777] [3.0] [cxt 0] Processing packet received on port 1
[21:02:30.168] [bmv2] [D] [thread 13777] [3.0] [cxt 0] Parser 'parser': start
[21:02:30.168] [bmv2] [D] [thread 13777] [3.0] [cxt 0] Parser 'parser' entering state 'start'
[21:02:30.168] [bmv2] [D] [thread 13777] [3.0] [cxt 0] Extracting header 'ethernet'
[21:02:30.168] [bmv2] [D] [thread 13777] [3.0] [cxt 0] Parser state 'start': key is 0800
[21:02:30.168] [bmv2] [T] [thread 13777] [3.0] [cxt 0] Bytes parsed: 14
[21:02:30.168] [bmv2] [D] [thread 13777] [3.0] [cxt 0] Parser 'parser' entering state 'parse_ipv4'
[21:02:30.168] [bmv2] [D] [thread 13777] [3.0] [cxt 0] Extracting header 'ipv4'
[21:02:30.168] [bmv2] [D] [thread 13777] [3.0] [cxt 0] Parser state 'parse_ipv4' has no switch, going to default next state
[21:02:30.168] [bmv2] [T] [thread 13777] [3.0] [cxt 0] Bytes parsed: 34
[21:02:30.168] [bmv2] [D] [thread 13777] [3.0] [cxt 0] Verifying checksum 'cksum': true
[21:02:30.168] [bmv2] [D] [thread 13777] [3.0] [cxt 0] Parser 'parser': end
[21:02:30.168] [bmv2] [D] [thread 13777] [3.0] [cxt 0] Pipeline 'ingress': start
[21:02:30.168] [bmv2] [T] [thread 13777] [3.0] [cxt 0] basic.p4(133) Condition "hdr.ipv4.isValid()" (node_2) is true
[21:02:30.168] [bmv2] [T] [thread 13777] [3.0] [cxt 0] Applying table 'MyIngress.ipv4_lpm'
[21:02:30.168] [bmv2] [D] [thread 13777] [3.0] [cxt 0] Looking up key:
* hdr.ipv4.dstAddr    : 0a000101

[21:02:30.168] [bmv2] [D] [thread 13777] [3.0] [cxt 0] Table 'MyIngress.ipv4_lpm': hit with handle 0
[21:02:30.168] [bmv2] [D] [thread 13777] [3.0] [cxt 0] Dumping entry 0
Match key:
* hdr.ipv4.dstAddr    : LPM       0a000101/32
Action entry: MyIngress.ipv4_forward - 10200,2,

[21:02:30.168] [bmv2] [D] [thread 13777] [3.0] [cxt 0] Action entry is MyIngress.ipv4_forward - 10200,2,
[21:02:30.168] [bmv2] [T] [thread 13777] [3.0] [cxt 0] Action MyIngress.ipv4_forward
[21:02:30.168] [bmv2] [T] [thread 13777] [3.0] [cxt 0] basic.p4(110) Primitive standard_metadata.egress_spec = port
[21:02:30.168] [bmv2] [T] [thread 13777] [3.0] [cxt 0] basic.p4(111) Primitive hdr.ethernet.srcAddr = hdr.ethernet.dstAddr
[21:02:30.168] [bmv2] [T] [thread 13777] [3.0] [cxt 0] basic.p4(112) Primitive hdr.ethernet.dstAddr = dstAddr
[21:02:30.168] [bmv2] [T] [thread 13777] [3.0] [cxt 0] basic.p4(113) Primitive hdr.ipv4.ttl = hdr.ipv4.ttl -1
[21:02:30.169] [bmv2] [D] [thread 13777] [3.0] [cxt 0] Pipeline 'ingress': end
[21:02:30.169] [bmv2] [D] [thread 13777] [3.0] [cxt 0] Egress port is 2
[21:02:30.169] [bmv2] [D] [thread 13780] [3.0] [cxt 0] Pipeline 'egress': start
[21:02:30.169] [bmv2] [D] [thread 13780] [3.0] [cxt 0] Pipeline 'egress': end
[21:02:30.169] [bmv2] [D] [thread 13780] [3.0] [cxt 0] Deparser 'deparser': start
[21:02:30.169] [bmv2] [D] [thread 13780] [3.0] [cxt 0] Updating checksum 'cksum'
[21:02:30.169] [bmv2] [D] [thread 13780] [3.0] [cxt 0] Deparsing header 'ethernet'
[21:02:30.169] [bmv2] [D] [thread 13780] [3.0] [cxt 0] Deparsing header 'ipv4'
[21:02:30.169] [bmv2] [D] [thread 13780] [3.0] [cxt 0] Deparser 'deparser': end
[21:02:30.169] [bmv2] [D] [thread 13782] [3.0] [cxt 0] Transmitting packet of size 54 out of port 2
[21:02:30.192] [bmv2] [D] [thread 13777] [4.0] [cxt 0] Processing packet received on port 2
[21:02:30.192] [bmv2] [D] [thread 13777] [4.0] [cxt 0] Parser 'parser': start
[21:02:30.192] [bmv2] [D] [thread 13777] [4.0] [cxt 0] Parser 'parser' entering state 'start'
[21:02:30.192] [bmv2] [D] [thread 13777] [4.0] [cxt 0] Extracting header 'ethernet'
[21:02:30.192] [bmv2] [D] [thread 13777] [4.0] [cxt 0] Parser state 'start': key is 0800
[21:02:30.192] [bmv2] [T] [thread 13777] [4.0] [cxt 0] Bytes parsed: 14
[21:02:30.192] [bmv2] [D] [thread 13777] [4.0] [cxt 0] Parser 'parser' entering state 'parse_ipv4'
[21:02:30.192] [bmv2] [D] [thread 13777] [4.0] [cxt 0] Extracting header 'ipv4'
[21:02:30.192] [bmv2] [D] [thread 13777] [4.0] [cxt 0] Parser state 'parse_ipv4' has no switch, going to default next state
[21:02:30.192] [bmv2] [T] [thread 13777] [4.0] [cxt 0] Bytes parsed: 34
[21:02:30.192] [bmv2] [D] [thread 13777] [4.0] [cxt 0] Verifying checksum 'cksum': true
[21:02:30.192] [bmv2] [D] [thread 13777] [4.0] [cxt 0] Parser 'parser': end
[21:02:30.192] [bmv2] [D] [thread 13777] [4.0] [cxt 0] Pipeline 'ingress': start
[21:02:30.192] [bmv2] [T] [thread 13777] [4.0] [cxt 0] basic.p4(133) Condition "hdr.ipv4.isValid()" (node_2) is true
[21:02:30.192] [bmv2] [T] [thread 13777] [4.0] [cxt 0] Applying table 'MyIngress.ipv4_lpm'
[21:02:30.192] [bmv2] [D] [thread 13777] [4.0] [cxt 0] Looking up key:
* hdr.ipv4.dstAddr    : 0a000202

[21:02:30.192] [bmv2] [D] [thread 13777] [4.0] [cxt 0] Table 'MyIngress.ipv4_lpm': hit with handle 1
[21:02:30.192] [bmv2] [D] [thread 13777] [4.0] [cxt 0] Dumping entry 1
Match key:
* hdr.ipv4.dstAddr    : LPM       0a000202/32
Action entry: MyIngress.ipv4_forward - 202,1,

[21:02:30.192] [bmv2] [D] [thread 13777] [4.0] [cxt 0] Action entry is MyIngress.ipv4_forward - 202,1,
[21:02:30.192] [bmv2] [T] [thread 13777] [4.0] [cxt 0] Action MyIngress.ipv4_forward
[21:02:30.192] [bmv2] [T] [thread 13777] [4.0] [cxt 0] basic.p4(110) Primitive standard_metadata.egress_spec = port
[21:02:30.192] [bmv2] [T] [thread 13777] [4.0] [cxt 0] basic.p4(111) Primitive hdr.ethernet.srcAddr = hdr.ethernet.dstAddr
[21:02:30.192] [bmv2] [T] [thread 13777] [4.0] [cxt 0] basic.p4(112) Primitive hdr.ethernet.dstAddr = dstAddr
[21:02:30.192] [bmv2] [T] [thread 13777] [4.0] [cxt 0] basic.p4(113) Primitive hdr.ipv4.ttl = hdr.ipv4.ttl -1
[21:02:30.192] [bmv2] [D] [thread 13777] [4.0] [cxt 0] Pipeline 'ingress': end
[21:02:30.192] [bmv2] [D] [thread 13777] [4.0] [cxt 0] Egress port is 1
[21:02:30.192] [bmv2] [D] [thread 13779] [4.0] [cxt 0] Pipeline 'egress': start
[21:02:30.192] [bmv2] [D] [thread 13779] [4.0] [cxt 0] Pipeline 'egress': end
[21:02:30.192] [bmv2] [D] [thread 13779] [4.0] [cxt 0] Deparser 'deparser': start
[21:02:30.192] [bmv2] [D] [thread 13779] [4.0] [cxt 0] Updating checksum 'cksum'
[21:02:30.192] [bmv2] [D] [thread 13779] [4.0] [cxt 0] Deparsing header 'ethernet'
[21:02:30.192] [bmv2] [D] [thread 13779] [4.0] [cxt 0] Deparsing header 'ipv4'
[21:02:30.192] [bmv2] [D] [thread 13779] [4.0] [cxt 0] Deparser 'deparser': end
[21:02:30.192] [bmv2] [D] [thread 13782] [4.0] [cxt 0] Transmitting packet of size 58 out of port 1
[21:02:30.193] [bmv2] [D] [thread 13777] [5.0] [cxt 0] Processing packet received on port 1
[21:02:30.193] [bmv2] [D] [thread 13777] [5.0] [cxt 0] Parser 'parser': start
[21:02:30.193] [bmv2] [D] [thread 13777] [5.0] [cxt 0] Parser 'parser' entering state 'start'
[21:02:30.193] [bmv2] [D] [thread 13777] [5.0] [cxt 0] Extracting header 'ethernet'
[21:02:30.193] [bmv2] [D] [thread 13777] [5.0] [cxt 0] Parser state 'start': key is 0800
[21:02:30.193] [bmv2] [T] [thread 13777] [5.0] [cxt 0] Bytes parsed: 14
[21:02:30.193] [bmv2] [D] [thread 13777] [5.0] [cxt 0] Parser 'parser' entering state 'parse_ipv4'
[21:02:30.193] [bmv2] [D] [thread 13777] [5.0] [cxt 0] Extracting header 'ipv4'
[21:02:30.193] [bmv2] [D] [thread 13777] [5.0] [cxt 0] Parser state 'parse_ipv4' has no switch, going to default next state
[21:02:30.193] [bmv2] [T] [thread 13777] [5.0] [cxt 0] Bytes parsed: 34
[21:02:30.193] [bmv2] [D] [thread 13777] [5.0] [cxt 0] Verifying checksum 'cksum': true
[21:02:30.193] [bmv2] [D] [thread 13777] [5.0] [cxt 0] Parser 'parser': end
[21:02:30.193] [bmv2] [D] [thread 13777] [5.0] [cxt 0] Pipeline 'ingress': start
[21:02:30.193] [bmv2] [T] [thread 13777] [5.0] [cxt 0] basic.p4(133) Condition "hdr.ipv4.isValid()" (node_2) is true
[21:02:30.193] [bmv2] [T] [thread 13777] [5.0] [cxt 0] Applying table 'MyIngress.ipv4_lpm'
[21:02:30.193] [bmv2] [D] [thread 13777] [5.0] [cxt 0] Looking up key:
* hdr.ipv4.dstAddr    : 0a000101

[21:02:30.193] [bmv2] [D] [thread 13777] [5.0] [cxt 0] Table 'MyIngress.ipv4_lpm': hit with handle 0
[21:02:30.193] [bmv2] [D] [thread 13777] [5.0] [cxt 0] Dumping entry 0
Match key:
* hdr.ipv4.dstAddr    : LPM       0a000101/32
Action entry: MyIngress.ipv4_forward - 10200,2,

[21:02:30.193] [bmv2] [D] [thread 13777] [5.0] [cxt 0] Action entry is MyIngress.ipv4_forward - 10200,2,
[21:02:30.193] [bmv2] [T] [thread 13777] [5.0] [cxt 0] Action MyIngress.ipv4_forward
[21:02:30.193] [bmv2] [T] [thread 13777] [5.0] [cxt 0] basic.p4(110) Primitive standard_metadata.egress_spec = port
[21:02:30.193] [bmv2] [T] [thread 13777] [5.0] [cxt 0] basic.p4(111) Primitive hdr.ethernet.srcAddr = hdr.ethernet.dstAddr
[21:02:30.193] [bmv2] [T] [thread 13777] [5.0] [cxt 0] basic.p4(112) Primitive hdr.ethernet.dstAddr = dstAddr
[21:02:30.193] [bmv2] [T] [thread 13777] [5.0] [cxt 0] basic.p4(113) Primitive hdr.ipv4.ttl = hdr.ipv4.ttl -1
[21:02:30.193] [bmv2] [D] [thread 13777] [5.0] [cxt 0] Pipeline 'ingress': end
[21:02:30.193] [bmv2] [D] [thread 13777] [5.0] [cxt 0] Egress port is 2
[21:02:30.193] [bmv2] [D] [thread 13780] [5.0] [cxt 0] Pipeline 'egress': start
[21:02:30.193] [bmv2] [D] [thread 13780] [5.0] [cxt 0] Pipeline 'egress': end
[21:02:30.193] [bmv2] [D] [thread 13780] [5.0] [cxt 0] Deparser 'deparser': start
[21:02:30.193] [bmv2] [D] [thread 13780] [5.0] [cxt 0] Updating checksum 'cksum'
[21:02:30.193] [bmv2] [D] [thread 13780] [5.0] [cxt 0] Deparsing header 'ethernet'
[21:02:30.193] [bmv2] [D] [thread 13780] [5.0] [cxt 0] Deparsing header 'ipv4'
[21:02:30.193] [bmv2] [D] [thread 13780] [5.0] [cxt 0] Deparser 'deparser': end
[21:02:30.193] [bmv2] [D] [thread 13782] [5.0] [cxt 0] Transmitting packet of size 54 out of port 2
[21:02:30.220] [bmv2] [D] [thread 13777] [6.0] [cxt 0] Processing packet received on port 2
[21:02:30.220] [bmv2] [D] [thread 13777] [6.0] [cxt 0] Parser 'parser': start
[21:02:30.220] [bmv2] [D] [thread 13777] [6.0] [cxt 0] Parser 'parser' entering state 'start'
[21:02:30.220] [bmv2] [D] [thread 13777] [6.0] [cxt 0] Extracting header 'ethernet'
[21:02:30.220] [bmv2] [D] [thread 13777] [6.0] [cxt 0] Parser state 'start': key is 0800
[21:02:30.220] [bmv2] [T] [thread 13777] [6.0] [cxt 0] Bytes parsed: 14
[21:02:30.220] [bmv2] [D] [thread 13777] [6.0] [cxt 0] Parser 'parser' entering state 'parse_ipv4'
[21:02:30.220] [bmv2] [D] [thread 13777] [6.0] [cxt 0] Extracting header 'ipv4'
[21:02:30.220] [bmv2] [D] [thread 13777] [6.0] [cxt 0] Parser state 'parse_ipv4' has no switch, going to default next state
[21:02:30.220] [bmv2] [T] [thread 13777] [6.0] [cxt 0] Bytes parsed: 34
[21:02:30.220] [bmv2] [D] [thread 13777] [6.0] [cxt 0] Verifying checksum 'cksum': true
[21:02:30.220] [bmv2] [D] [thread 13777] [6.0] [cxt 0] Parser 'parser': end
[21:02:30.220] [bmv2] [D] [thread 13777] [6.0] [cxt 0] Pipeline 'ingress': start
[21:02:30.220] [bmv2] [T] [thread 13777] [6.0] [cxt 0] basic.p4(133) Condition "hdr.ipv4.isValid()" (node_2) is true
[21:02:30.220] [bmv2] [T] [thread 13777] [6.0] [cxt 0] Applying table 'MyIngress.ipv4_lpm'
[21:02:30.220] [bmv2] [D] [thread 13777] [6.0] [cxt 0] Looking up key:
* hdr.ipv4.dstAddr    : 0a000202

[21:02:30.220] [bmv2] [D] [thread 13777] [6.0] [cxt 0] Table 'MyIngress.ipv4_lpm': hit with handle 1
[21:02:30.220] [bmv2] [D] [thread 13777] [6.0] [cxt 0] Dumping entry 1
Match key:
* hdr.ipv4.dstAddr    : LPM       0a000202/32
Action entry: MyIngress.ipv4_forward - 202,1,

[21:02:30.220] [bmv2] [D] [thread 13777] [6.0] [cxt 0] Action entry is MyIngress.ipv4_forward - 202,1,
[21:02:30.220] [bmv2] [T] [thread 13777] [6.0] [cxt 0] Action MyIngress.ipv4_forward
[21:02:30.220] [bmv2] [T] [thread 13777] [6.0] [cxt 0] basic.p4(110) Primitive standard_metadata.egress_spec = port
[21:02:30.220] [bmv2] [T] [thread 13777] [6.0] [cxt 0] basic.p4(111) Primitive hdr.ethernet.srcAddr = hdr.ethernet.dstAddr
[21:02:30.220] [bmv2] [T] [thread 13777] [6.0] [cxt 0] basic.p4(112) Primitive hdr.ethernet.dstAddr = dstAddr
[21:02:30.220] [bmv2] [T] [thread 13777] [6.0] [cxt 0] basic.p4(113) Primitive hdr.ipv4.ttl = hdr.ipv4.ttl -1
[21:02:30.220] [bmv2] [D] [thread 13777] [6.0] [cxt 0] Pipeline 'ingress': end
[21:02:30.220] [bmv2] [D] [thread 13777] [6.0] [cxt 0] Egress port is 1
[21:02:30.220] [bmv2] [D] [thread 13779] [6.0] [cxt 0] Pipeline 'egress': start
[21:02:30.220] [bmv2] [D] [thread 13779] [6.0] [cxt 0] Pipeline 'egress': end
[21:02:30.220] [bmv2] [D] [thread 13779] [6.0] [cxt 0] Deparser 'deparser': start
[21:02:30.220] [bmv2] [D] [thread 13779] [6.0] [cxt 0] Updating checksum 'cksum'
[21:02:30.220] [bmv2] [D] [thread 13779] [6.0] [cxt 0] Deparsing header 'ethernet'
[21:02:30.220] [bmv2] [D] [thread 13779] [6.0] [cxt 0] Deparsing header 'ipv4'
[21:02:30.220] [bmv2] [D] [thread 13779] [6.0] [cxt 0] Deparser 'deparser': end
[21:02:30.220] [bmv2] [D] [thread 13782] [6.0] [cxt 0] Transmitting packet of size 58 out of port 1
[21:02:30.221] [bmv2] [D] [thread 13777] [7.0] [cxt 0] Processing packet received on port 1
[21:02:30.221] [bmv2] [D] [thread 13777] [7.0] [cxt 0] Parser 'parser': start
[21:02:30.221] [bmv2] [D] [thread 13777] [7.0] [cxt 0] Parser 'parser' entering state 'start'
[21:02:30.221] [bmv2] [D] [thread 13777] [7.0] [cxt 0] Extracting header 'ethernet'
[21:02:30.221] [bmv2] [D] [thread 13777] [7.0] [cxt 0] Parser state 'start': key is 0800
[21:02:30.221] [bmv2] [T] [thread 13777] [7.0] [cxt 0] Bytes parsed: 14
[21:02:30.221] [bmv2] [D] [thread 13777] [7.0] [cxt 0] Parser 'parser' entering state 'parse_ipv4'
[21:02:30.221] [bmv2] [D] [thread 13777] [7.0] [cxt 0] Extracting header 'ipv4'
[21:02:30.221] [bmv2] [D] [thread 13777] [7.0] [cxt 0] Parser state 'parse_ipv4' has no switch, going to default next state
[21:02:30.221] [bmv2] [T] [thread 13777] [7.0] [cxt 0] Bytes parsed: 34
[21:02:30.221] [bmv2] [D] [thread 13777] [7.0] [cxt 0] Verifying checksum 'cksum': true
[21:02:30.221] [bmv2] [D] [thread 13777] [7.0] [cxt 0] Parser 'parser': end
[21:02:30.221] [bmv2] [D] [thread 13777] [7.0] [cxt 0] Pipeline 'ingress': start
[21:02:30.221] [bmv2] [T] [thread 13777] [7.0] [cxt 0] basic.p4(133) Condition "hdr.ipv4.isValid()" (node_2) is true
[21:02:30.221] [bmv2] [T] [thread 13777] [7.0] [cxt 0] Applying table 'MyIngress.ipv4_lpm'
[21:02:30.221] [bmv2] [D] [thread 13777] [7.0] [cxt 0] Looking up key:
* hdr.ipv4.dstAddr    : 0a000101

[21:02:30.221] [bmv2] [D] [thread 13777] [7.0] [cxt 0] Table 'MyIngress.ipv4_lpm': hit with handle 0
[21:02:30.221] [bmv2] [D] [thread 13777] [7.0] [cxt 0] Dumping entry 0
Match key:
* hdr.ipv4.dstAddr    : LPM       0a000101/32
Action entry: MyIngress.ipv4_forward - 10200,2,

[21:02:30.221] [bmv2] [D] [thread 13777] [7.0] [cxt 0] Action entry is MyIngress.ipv4_forward - 10200,2,
[21:02:30.221] [bmv2] [T] [thread 13777] [7.0] [cxt 0] Action MyIngress.ipv4_forward
[21:02:30.221] [bmv2] [T] [thread 13777] [7.0] [cxt 0] basic.p4(110) Primitive standard_metadata.egress_spec = port
[21:02:30.221] [bmv2] [T] [thread 13777] [7.0] [cxt 0] basic.p4(111) Primitive hdr.ethernet.srcAddr = hdr.ethernet.dstAddr
[21:02:30.221] [bmv2] [T] [thread 13777] [7.0] [cxt 0] basic.p4(112) Primitive hdr.ethernet.dstAddr = dstAddr
[21:02:30.221] [bmv2] [T] [thread 13777] [7.0] [cxt 0] basic.p4(113) Primitive hdr.ipv4.ttl = hdr.ipv4.ttl -1
[21:02:30.221] [bmv2] [D] [thread 13777] [7.0] [cxt 0] Pipeline 'ingress': end
[21:02:30.221] [bmv2] [D] [thread 13777] [7.0] [cxt 0] Egress port is 2
[21:02:30.221] [bmv2] [D] [thread 13780] [7.0] [cxt 0] Pipeline 'egress': start
[21:02:30.221] [bmv2] [D] [thread 13780] [7.0] [cxt 0] Pipeline 'egress': end
[21:02:30.221] [bmv2] [D] [thread 13780] [7.0] [cxt 0] Deparser 'deparser': start
[21:02:30.221] [bmv2] [D] [thread 13780] [7.0] [cxt 0] Updating checksum 'cksum'
[21:02:30.221] [bmv2] [D] [thread 13780] [7.0] [cxt 0] Deparsing header 'ethernet'
[21:02:30.221] [bmv2] [D] [thread 13780] [7.0] [cxt 0] Deparsing header 'ipv4'
[21:02:30.221] [bmv2] [D] [thread 13780] [7.0] [cxt 0] Deparser 'deparser': end
[21:02:30.221] [bmv2] [D] [thread 13782] [7.0] [cxt 0] Transmitting packet of size 54 out of port 2
[21:02:30.252] [bmv2] [D] [thread 13777] [8.0] [cxt 0] Processing packet received on port 2
[21:02:30.252] [bmv2] [D] [thread 13777] [8.0] [cxt 0] Parser 'parser': start
[21:02:30.252] [bmv2] [D] [thread 13777] [8.0] [cxt 0] Parser 'parser' entering state 'start'
[21:02:30.252] [bmv2] [D] [thread 13777] [8.0] [cxt 0] Extracting header 'ethernet'
[21:02:30.252] [bmv2] [D] [thread 13777] [8.0] [cxt 0] Parser state 'start': key is 0800
[21:02:30.252] [bmv2] [T] [thread 13777] [8.0] [cxt 0] Bytes parsed: 14
[21:02:30.252] [bmv2] [D] [thread 13777] [8.0] [cxt 0] Parser 'parser' entering state 'parse_ipv4'
[21:02:30.252] [bmv2] [D] [thread 13777] [8.0] [cxt 0] Extracting header 'ipv4'
[21:02:30.252] [bmv2] [D] [thread 13777] [8.0] [cxt 0] Parser state 'parse_ipv4' has no switch, going to default next state
[21:02:30.252] [bmv2] [T] [thread 13777] [8.0] [cxt 0] Bytes parsed: 34
[21:02:30.252] [bmv2] [D] [thread 13777] [8.0] [cxt 0] Verifying checksum 'cksum': true
[21:02:30.252] [bmv2] [D] [thread 13777] [8.0] [cxt 0] Parser 'parser': end
[21:02:30.252] [bmv2] [D] [thread 13777] [8.0] [cxt 0] Pipeline 'ingress': start
[21:02:30.252] [bmv2] [T] [thread 13777] [8.0] [cxt 0] basic.p4(133) Condition "hdr.ipv4.isValid()" (node_2) is true
[21:02:30.252] [bmv2] [T] [thread 13777] [8.0] [cxt 0] Applying table 'MyIngress.ipv4_lpm'
[21:02:30.252] [bmv2] [D] [thread 13777] [8.0] [cxt 0] Looking up key:
* hdr.ipv4.dstAddr    : 0a000202

[21:02:30.252] [bmv2] [D] [thread 13777] [8.0] [cxt 0] Table 'MyIngress.ipv4_lpm': hit with handle 1
[21:02:30.252] [bmv2] [D] [thread 13777] [8.0] [cxt 0] Dumping entry 1
Match key:
* hdr.ipv4.dstAddr    : LPM       0a000202/32
Action entry: MyIngress.ipv4_forward - 202,1,

[21:02:30.252] [bmv2] [D] [thread 13777] [8.0] [cxt 0] Action entry is MyIngress.ipv4_forward - 202,1,
[21:02:30.252] [bmv2] [T] [thread 13777] [8.0] [cxt 0] Action MyIngress.ipv4_forward
[21:02:30.252] [bmv2] [T] [thread 13777] [8.0] [cxt 0] basic.p4(110) Primitive standard_metadata.egress_spec = port
[21:02:30.252] [bmv2] [T] [thread 13777] [8.0] [cxt 0] basic.p4(111) Primitive hdr.ethernet.srcAddr = hdr.ethernet.dstAddr
[21:02:30.252] [bmv2] [T] [thread 13777] [8.0] [cxt 0] basic.p4(112) Primitive hdr.ethernet.dstAddr = dstAddr
[21:02:30.252] [bmv2] [T] [thread 13777] [8.0] [cxt 0] basic.p4(113) Primitive hdr.ipv4.ttl = hdr.ipv4.ttl -1
[21:02:30.252] [bmv2] [D] [thread 13777] [8.0] [cxt 0] Pipeline 'ingress': end
[21:02:30.252] [bmv2] [D] [thread 13777] [8.0] [cxt 0] Egress port is 1
[21:02:30.252] [bmv2] [D] [thread 13779] [8.0] [cxt 0] Pipeline 'egress': start
[21:02:30.252] [bmv2] [D] [thread 13779] [8.0] [cxt 0] Pipeline 'egress': end
[21:02:30.252] [bmv2] [D] [thread 13779] [8.0] [cxt 0] Deparser 'deparser': start
[21:02:30.252] [bmv2] [D] [thread 13779] [8.0] [cxt 0] Updating checksum 'cksum'
[21:02:30.252] [bmv2] [D] [thread 13779] [8.0] [cxt 0] Deparsing header 'ethernet'
[21:02:30.252] [bmv2] [D] [thread 13779] [8.0] [cxt 0] Deparsing header 'ipv4'
[21:02:30.252] [bmv2] [D] [thread 13779] [8.0] [cxt 0] Deparser 'deparser': end
[21:02:30.252] [bmv2] [D] [thread 13782] [8.0] [cxt 0] Transmitting packet of size 58 out of port 1
[21:02:30.252] [bmv2] [D] [thread 13777] [9.0] [cxt 0] Processing packet received on port 1
[21:02:30.252] [bmv2] [D] [thread 13777] [9.0] [cxt 0] Parser 'parser': start
[21:02:30.252] [bmv2] [D] [thread 13777] [9.0] [cxt 0] Parser 'parser' entering state 'start'
[21:02:30.252] [bmv2] [D] [thread 13777] [9.0] [cxt 0] Extracting header 'ethernet'
[21:02:30.252] [bmv2] [D] [thread 13777] [9.0] [cxt 0] Parser state 'start': key is 0800
[21:02:30.252] [bmv2] [T] [thread 13777] [9.0] [cxt 0] Bytes parsed: 14
[21:02:30.252] [bmv2] [D] [thread 13777] [9.0] [cxt 0] Parser 'parser' entering state 'parse_ipv4'
[21:02:30.252] [bmv2] [D] [thread 13777] [9.0] [cxt 0] Extracting header 'ipv4'
[21:02:30.252] [bmv2] [D] [thread 13777] [9.0] [cxt 0] Parser state 'parse_ipv4' has no switch, going to default next state
[21:02:30.252] [bmv2] [T] [thread 13777] [9.0] [cxt 0] Bytes parsed: 34
[21:02:30.252] [bmv2] [D] [thread 13777] [9.0] [cxt 0] Verifying checksum 'cksum': true
[21:02:30.252] [bmv2] [D] [thread 13777] [9.0] [cxt 0] Parser 'parser': end
[21:02:30.252] [bmv2] [D] [thread 13777] [9.0] [cxt 0] Pipeline 'ingress': start
[21:02:30.252] [bmv2] [T] [thread 13777] [9.0] [cxt 0] basic.p4(133) Condition "hdr.ipv4.isValid()" (node_2) is true
[21:02:30.252] [bmv2] [T] [thread 13777] [9.0] [cxt 0] Applying table 'MyIngress.ipv4_lpm'
[21:02:30.252] [bmv2] [D] [thread 13777] [9.0] [cxt 0] Looking up key:
* hdr.ipv4.dstAddr    : 0a000101

[21:02:30.252] [bmv2] [D] [thread 13777] [9.0] [cxt 0] Table 'MyIngress.ipv4_lpm': hit with handle 0
[21:02:30.252] [bmv2] [D] [thread 13777] [9.0] [cxt 0] Dumping entry 0
Match key:
* hdr.ipv4.dstAddr    : LPM       0a000101/32
Action entry: MyIngress.ipv4_forward - 10200,2,

[21:02:30.252] [bmv2] [D] [thread 13777] [9.0] [cxt 0] Action entry is MyIngress.ipv4_forward - 10200,2,
[21:02:30.252] [bmv2] [T] [thread 13777] [9.0] [cxt 0] Action MyIngress.ipv4_forward
[21:02:30.252] [bmv2] [T] [thread 13777] [9.0] [cxt 0] basic.p4(110) Primitive standard_metadata.egress_spec = port
[21:02:30.252] [bmv2] [T] [thread 13777] [9.0] [cxt 0] basic.p4(111) Primitive hdr.ethernet.srcAddr = hdr.ethernet.dstAddr
[21:02:30.252] [bmv2] [T] [thread 13777] [9.0] [cxt 0] basic.p4(112) Primitive hdr.ethernet.dstAddr = dstAddr
[21:02:30.252] [bmv2] [T] [thread 13777] [9.0] [cxt 0] basic.p4(113) Primitive hdr.ipv4.ttl = hdr.ipv4.ttl -1
[21:02:30.252] [bmv2] [D] [thread 13777] [9.0] [cxt 0] Pipeline 'ingress': end
[21:02:30.252] [bmv2] [D] [thread 13777] [9.0] [cxt 0] Egress port is 2
[21:02:30.252] [bmv2] [D] [thread 13780] [9.0] [cxt 0] Pipeline 'egress': start
[21:02:30.252] [bmv2] [D] [thread 13780] [9.0] [cxt 0] Pipeline 'egress': end
[21:02:30.252] [bmv2] [D] [thread 13780] [9.0] [cxt 0] Deparser 'deparser': start
[21:02:30.252] [bmv2] [D] [thread 13780] [9.0] [cxt 0] Updating checksum 'cksum'
[21:02:30.252] [bmv2] [D] [thread 13780] [9.0] [cxt 0] Deparsing header 'ethernet'
[21:02:30.252] [bmv2] [D] [thread 13780] [9.0] [cxt 0] Deparsing header 'ipv4'
[21:02:30.252] [bmv2] [D] [thread 13780] [9.0] [cxt 0] Deparser 'deparser': end
[21:02:30.252] [bmv2] [D] [thread 13782] [9.0] [cxt 0] Transmitting packet of size 54 out of port 2
[21:02:30.276] [bmv2] [D] [thread 13777] [10.0] [cxt 0] Processing packet received on port 2
[21:02:30.276] [bmv2] [D] [thread 13777] [10.0] [cxt 0] Parser 'parser': start
[21:02:30.276] [bmv2] [D] [thread 13777] [10.0] [cxt 0] Parser 'parser' entering state 'start'
[21:02:30.276] [bmv2] [D] [thread 13777] [10.0] [cxt 0] Extracting header 'ethernet'
[21:02:30.276] [bmv2] [D] [thread 13777] [10.0] [cxt 0] Parser state 'start': key is 0800
[21:02:30.276] [bmv2] [T] [thread 13777] [10.0] [cxt 0] Bytes parsed: 14
[21:02:30.276] [bmv2] [D] [thread 13777] [10.0] [cxt 0] Parser 'parser' entering state 'parse_ipv4'
[21:02:30.276] [bmv2] [D] [thread 13777] [10.0] [cxt 0] Extracting header 'ipv4'
[21:02:30.276] [bmv2] [D] [thread 13777] [10.0] [cxt 0] Parser state 'parse_ipv4' has no switch, going to default next state
[21:02:30.276] [bmv2] [T] [thread 13777] [10.0] [cxt 0] Bytes parsed: 34
[21:02:30.276] [bmv2] [D] [thread 13777] [10.0] [cxt 0] Verifying checksum 'cksum': true
[21:02:30.276] [bmv2] [D] [thread 13777] [10.0] [cxt 0] Parser 'parser': end
[21:02:30.276] [bmv2] [D] [thread 13777] [10.0] [cxt 0] Pipeline 'ingress': start
[21:02:30.276] [bmv2] [T] [thread 13777] [10.0] [cxt 0] basic.p4(133) Condition "hdr.ipv4.isValid()" (node_2) is true
[21:02:30.276] [bmv2] [T] [thread 13777] [10.0] [cxt 0] Applying table 'MyIngress.ipv4_lpm'
[21:02:30.276] [bmv2] [D] [thread 13777] [10.0] [cxt 0] Looking up key:
* hdr.ipv4.dstAddr    : 0a000202

[21:02:30.276] [bmv2] [D] [thread 13777] [10.0] [cxt 0] Table 'MyIngress.ipv4_lpm': hit with handle 1
[21:02:30.276] [bmv2] [D] [thread 13777] [10.0] [cxt 0] Dumping entry 1
Match key:
* hdr.ipv4.dstAddr    : LPM       0a000202/32
Action entry: MyIngress.ipv4_forward - 202,1,

[21:02:30.276] [bmv2] [D] [thread 13777] [10.0] [cxt 0] Action entry is MyIngress.ipv4_forward - 202,1,
[21:02:30.276] [bmv2] [T] [thread 13777] [10.0] [cxt 0] Action MyIngress.ipv4_forward
[21:02:30.276] [bmv2] [T] [thread 13777] [10.0] [cxt 0] basic.p4(110) Primitive standard_metadata.egress_spec = port
[21:02:30.276] [bmv2] [T] [thread 13777] [10.0] [cxt 0] basic.p4(111) Primitive hdr.ethernet.srcAddr = hdr.ethernet.dstAddr
[21:02:30.276] [bmv2] [T] [thread 13777] [10.0] [cxt 0] basic.p4(112) Primitive hdr.ethernet.dstAddr = dstAddr
[21:02:30.276] [bmv2] [T] [thread 13777] [10.0] [cxt 0] basic.p4(113) Primitive hdr.ipv4.ttl = hdr.ipv4.ttl -1
[21:02:30.276] [bmv2] [D] [thread 13777] [10.0] [cxt 0] Pipeline 'ingress': end
[21:02:30.276] [bmv2] [D] [thread 13777] [10.0] [cxt 0] Egress port is 1
[21:02:30.276] [bmv2] [D] [thread 13779] [10.0] [cxt 0] Pipeline 'egress': start
[21:02:30.276] [bmv2] [D] [thread 13779] [10.0] [cxt 0] Pipeline 'egress': end
[21:02:30.276] [bmv2] [D] [thread 13779] [10.0] [cxt 0] Deparser 'deparser': start
[21:02:30.276] [bmv2] [D] [thread 13779] [10.0] [cxt 0] Updating checksum 'cksum'
[21:02:30.276] [bmv2] [D] [thread 13779] [10.0] [cxt 0] Deparsing header 'ethernet'
[21:02:30.276] [bmv2] [D] [thread 13779] [10.0] [cxt 0] Deparsing header 'ipv4'
[21:02:30.276] [bmv2] [D] [thread 13779] [10.0] [cxt 0] Deparser 'deparser': end
[21:02:30.276] [bmv2] [D] [thread 13782] [10.0] [cxt 0] Transmitting packet of size 58 out of port 1
[21:02:30.276] [bmv2] [D] [thread 13777] [11.0] [cxt 0] Processing packet received on port 1
[21:02:30.276] [bmv2] [D] [thread 13777] [11.0] [cxt 0] Parser 'parser': start
[21:02:30.276] [bmv2] [D] [thread 13777] [11.0] [cxt 0] Parser 'parser' entering state 'start'
[21:02:30.276] [bmv2] [D] [thread 13777] [11.0] [cxt 0] Extracting header 'ethernet'
[21:02:30.276] [bmv2] [D] [thread 13777] [11.0] [cxt 0] Parser state 'start': key is 0800
[21:02:30.276] [bmv2] [T] [thread 13777] [11.0] [cxt 0] Bytes parsed: 14
[21:02:30.276] [bmv2] [D] [thread 13777] [11.0] [cxt 0] Parser 'parser' entering state 'parse_ipv4'
[21:02:30.276] [bmv2] [D] [thread 13777] [11.0] [cxt 0] Extracting header 'ipv4'
[21:02:30.276] [bmv2] [D] [thread 13777] [11.0] [cxt 0] Parser state 'parse_ipv4' has no switch, going to default next state
[21:02:30.276] [bmv2] [T] [thread 13777] [11.0] [cxt 0] Bytes parsed: 34
[21:02:30.276] [bmv2] [D] [thread 13777] [11.0] [cxt 0] Verifying checksum 'cksum': true
[21:02:30.276] [bmv2] [D] [thread 13777] [11.0] [cxt 0] Parser 'parser': end
[21:02:30.276] [bmv2] [D] [thread 13777] [11.0] [cxt 0] Pipeline 'ingress': start
[21:02:30.276] [bmv2] [T] [thread 13777] [11.0] [cxt 0] basic.p4(133) Condition "hdr.ipv4.isValid()" (node_2) is true
[21:02:30.276] [bmv2] [T] [thread 13777] [11.0] [cxt 0] Applying table 'MyIngress.ipv4_lpm'
[21:02:30.276] [bmv2] [D] [thread 13777] [11.0] [cxt 0] Looking up key:
* hdr.ipv4.dstAddr    : 0a000101

[21:02:30.276] [bmv2] [D] [thread 13777] [11.0] [cxt 0] Table 'MyIngress.ipv4_lpm': hit with handle 0
[21:02:30.276] [bmv2] [D] [thread 13777] [11.0] [cxt 0] Dumping entry 0
Match key:
* hdr.ipv4.dstAddr    : LPM       0a000101/32
Action entry: MyIngress.ipv4_forward - 10200,2,

[21:02:30.276] [bmv2] [D] [thread 13777] [11.0] [cxt 0] Action entry is MyIngress.ipv4_forward - 10200,2,
[21:02:30.276] [bmv2] [T] [thread 13777] [11.0] [cxt 0] Action MyIngress.ipv4_forward
[21:02:30.276] [bmv2] [T] [thread 13777] [11.0] [cxt 0] basic.p4(110) Primitive standard_metadata.egress_spec = port
[21:02:30.276] [bmv2] [T] [thread 13777] [11.0] [cxt 0] basic.p4(111) Primitive hdr.ethernet.srcAddr = hdr.ethernet.dstAddr
[21:02:30.276] [bmv2] [T] [thread 13777] [11.0] [cxt 0] basic.p4(112) Primitive hdr.ethernet.dstAddr = dstAddr
[21:02:30.276] [bmv2] [T] [thread 13777] [11.0] [cxt 0] basic.p4(113) Primitive hdr.ipv4.ttl = hdr.ipv4.ttl -1
[21:02:30.276] [bmv2] [D] [thread 13777] [11.0] [cxt 0] Pipeline 'ingress': end
[21:02:30.276] [bmv2] [D] [thread 13777] [11.0] [cxt 0] Egress port is 2
[21:02:30.276] [bmv2] [D] [thread 13780] [11.0] [cxt 0] Pipeline 'egress': start
[21:02:30.276] [bmv2] [D] [thread 13780] [11.0] [cxt 0] Pipeline 'egress': end
[21:02:30.276] [bmv2] [D] [thread 13780] [11.0] [cxt 0] Deparser 'deparser': start
[21:02:30.276] [bmv2] [D] [thread 13780] [11.0] [cxt 0] Updating checksum 'cksum'
[21:02:30.276] [bmv2] [D] [thread 13780] [11.0] [cxt 0] Deparsing header 'ethernet'
[21:02:30.276] [bmv2] [D] [thread 13780] [11.0] [cxt 0] Deparsing header 'ipv4'
[21:02:30.277] [bmv2] [D] [thread 13780] [11.0] [cxt 0] Deparser 'deparser': end
[21:02:30.277] [bmv2] [D] [thread 13782] [11.0] [cxt 0] Transmitting packet of size 54 out of port 2
[21:02:30.306] [bmv2] [D] [thread 13777] [12.0] [cxt 0] Processing packet received on port 2
[21:02:30.306] [bmv2] [D] [thread 13777] [12.0] [cxt 0] Parser 'parser': start
[21:02:30.306] [bmv2] [D] [thread 13777] [12.0] [cxt 0] Parser 'parser' entering state 'start'
[21:02:30.306] [bmv2] [D] [thread 13777] [12.0] [cxt 0] Extracting header 'ethernet'
[21:02:30.306] [bmv2] [D] [thread 13777] [12.0] [cxt 0] Parser state 'start': key is 0800
[21:02:30.306] [bmv2] [T] [thread 13777] [12.0] [cxt 0] Bytes parsed: 14
[21:02:30.306] [bmv2] [D] [thread 13777] [12.0] [cxt 0] Parser 'parser' entering state 'parse_ipv4'
[21:02:30.306] [bmv2] [D] [thread 13777] [12.0] [cxt 0] Extracting header 'ipv4'
[21:02:30.306] [bmv2] [D] [thread 13777] [12.0] [cxt 0] Parser state 'parse_ipv4' has no switch, going to default next state
[21:02:30.306] [bmv2] [T] [thread 13777] [12.0] [cxt 0] Bytes parsed: 34
[21:02:30.306] [bmv2] [D] [thread 13777] [12.0] [cxt 0] Verifying checksum 'cksum': true
[21:02:30.306] [bmv2] [D] [thread 13777] [12.0] [cxt 0] Parser 'parser': end
[21:02:30.306] [bmv2] [D] [thread 13777] [12.0] [cxt 0] Pipeline 'ingress': start
[21:02:30.306] [bmv2] [T] [thread 13777] [12.0] [cxt 0] basic.p4(133) Condition "hdr.ipv4.isValid()" (node_2) is true
[21:02:30.306] [bmv2] [T] [thread 13777] [12.0] [cxt 0] Applying table 'MyIngress.ipv4_lpm'
[21:02:30.306] [bmv2] [D] [thread 13777] [12.0] [cxt 0] Looking up key:
* hdr.ipv4.dstAddr    : 0a000202

[21:02:30.306] [bmv2] [D] [thread 13777] [12.0] [cxt 0] Table 'MyIngress.ipv4_lpm': hit with handle 1
[21:02:30.307] [bmv2] [D] [thread 13777] [12.0] [cxt 0] Dumping entry 1
Match key:
* hdr.ipv4.dstAddr    : LPM       0a000202/32
Action entry: MyIngress.ipv4_forward - 202,1,

[21:02:30.307] [bmv2] [D] [thread 13777] [12.0] [cxt 0] Action entry is MyIngress.ipv4_forward - 202,1,
[21:02:30.307] [bmv2] [T] [thread 13777] [12.0] [cxt 0] Action MyIngress.ipv4_forward
[21:02:30.307] [bmv2] [T] [thread 13777] [12.0] [cxt 0] basic.p4(110) Primitive standard_metadata.egress_spec = port
[21:02:30.307] [bmv2] [T] [thread 13777] [12.0] [cxt 0] basic.p4(111) Primitive hdr.ethernet.srcAddr = hdr.ethernet.dstAddr
[21:02:30.307] [bmv2] [T] [thread 13777] [12.0] [cxt 0] basic.p4(112) Primitive hdr.ethernet.dstAddr = dstAddr
[21:02:30.307] [bmv2] [T] [thread 13777] [12.0] [cxt 0] basic.p4(113) Primitive hdr.ipv4.ttl = hdr.ipv4.ttl -1
[21:02:30.307] [bmv2] [D] [thread 13777] [12.0] [cxt 0] Pipeline 'ingress': end
[21:02:30.307] [bmv2] [D] [thread 13777] [12.0] [cxt 0] Egress port is 1
[21:02:30.307] [bmv2] [D] [thread 13779] [12.0] [cxt 0] Pipeline 'egress': start
[21:02:30.307] [bmv2] [D] [thread 13779] [12.0] [cxt 0] Pipeline 'egress': end
[21:02:30.307] [bmv2] [D] [thread 13779] [12.0] [cxt 0] Deparser 'deparser': start
[21:02:30.307] [bmv2] [D] [thread 13779] [12.0] [cxt 0] Updating checksum 'cksum'
[21:02:30.307] [bmv2] [D] [thread 13779] [12.0] [cxt 0] Deparsing header 'ethernet'
[21:02:30.307] [bmv2] [D] [thread 13779] [12.0] [cxt 0] Deparsing header 'ipv4'
[21:02:30.307] [bmv2] [D] [thread 13779] [12.0] [cxt 0] Deparser 'deparser': end
[21:02:30.307] [bmv2] [D] [thread 13782] [12.0] [cxt 0] Transmitting packet of size 58 out of port 1
[21:02:30.307] [bmv2] [D] [thread 13777] [13.0] [cxt 0] Processing packet received on port 1
[21:02:30.307] [bmv2] [D] [thread 13777] [13.0] [cxt 0] Parser 'parser': start
[21:02:30.307] [bmv2] [D] [thread 13777] [13.0] [cxt 0] Parser 'parser' entering state 'start'
[21:02:30.307] [bmv2] [D] [thread 13777] [13.0] [cxt 0] Extracting header 'ethernet'
[21:02:30.307] [bmv2] [D] [thread 13777] [13.0] [cxt 0] Parser state 'start': key is 0800
[21:02:30.307] [bmv2] [T] [thread 13777] [13.0] [cxt 0] Bytes parsed: 14
[21:02:30.307] [bmv2] [D] [thread 13777] [13.0] [cxt 0] Parser 'parser' entering state 'parse_ipv4'
[21:02:30.307] [bmv2] [D] [thread 13777] [13.0] [cxt 0] Extracting header 'ipv4'
[21:02:30.307] [bmv2] [D] [thread 13777] [13.0] [cxt 0] Parser state 'parse_ipv4' has no switch, going to default next state
[21:02:30.307] [bmv2] [T] [thread 13777] [13.0] [cxt 0] Bytes parsed: 34
[21:02:30.307] [bmv2] [D] [thread 13777] [13.0] [cxt 0] Verifying checksum 'cksum': true
[21:02:30.307] [bmv2] [D] [thread 13777] [13.0] [cxt 0] Parser 'parser': end
[21:02:30.307] [bmv2] [D] [thread 13777] [13.0] [cxt 0] Pipeline 'ingress': start
[21:02:30.307] [bmv2] [T] [thread 13777] [13.0] [cxt 0] basic.p4(133) Condition "hdr.ipv4.isValid()" (node_2) is true
[21:02:30.307] [bmv2] [T] [thread 13777] [13.0] [cxt 0] Applying table 'MyIngress.ipv4_lpm'
[21:02:30.307] [bmv2] [D] [thread 13777] [13.0] [cxt 0] Looking up key:
* hdr.ipv4.dstAddr    : 0a000101

[21:02:30.307] [bmv2] [D] [thread 13777] [13.0] [cxt 0] Table 'MyIngress.ipv4_lpm': hit with handle 0
[21:02:30.307] [bmv2] [D] [thread 13777] [13.0] [cxt 0] Dumping entry 0
Match key:
* hdr.ipv4.dstAddr    : LPM       0a000101/32
Action entry: MyIngress.ipv4_forward - 10200,2,

[21:02:30.307] [bmv2] [D] [thread 13777] [13.0] [cxt 0] Action entry is MyIngress.ipv4_forward - 10200,2,
[21:02:30.307] [bmv2] [T] [thread 13777] [13.0] [cxt 0] Action MyIngress.ipv4_forward
[21:02:30.307] [bmv2] [T] [thread 13777] [13.0] [cxt 0] basic.p4(110) Primitive standard_metadata.egress_spec = port
[21:02:30.307] [bmv2] [T] [thread 13777] [13.0] [cxt 0] basic.p4(111) Primitive hdr.ethernet.srcAddr = hdr.ethernet.dstAddr
[21:02:30.307] [bmv2] [T] [thread 13777] [13.0] [cxt 0] basic.p4(112) Primitive hdr.ethernet.dstAddr = dstAddr
[21:02:30.307] [bmv2] [T] [thread 13777] [13.0] [cxt 0] basic.p4(113) Primitive hdr.ipv4.ttl = hdr.ipv4.ttl -1
[21:02:30.307] [bmv2] [D] [thread 13777] [13.0] [cxt 0] Pipeline 'ingress': end
[21:02:30.307] [bmv2] [D] [thread 13777] [13.0] [cxt 0] Egress port is 2
[21:02:30.307] [bmv2] [D] [thread 13780] [13.0] [cxt 0] Pipeline 'egress': start
[21:02:30.307] [bmv2] [D] [thread 13780] [13.0] [cxt 0] Pipeline 'egress': end
[21:02:30.307] [bmv2] [D] [thread 13780] [13.0] [cxt 0] Deparser 'deparser': start
[21:02:30.307] [bmv2] [D] [thread 13780] [13.0] [cxt 0] Updating checksum 'cksum'
[21:02:30.307] [bmv2] [D] [thread 13780] [13.0] [cxt 0] Deparsing header 'ethernet'
[21:02:30.307] [bmv2] [D] [thread 13780] [13.0] [cxt 0] Deparsing header 'ipv4'
[21:02:30.307] [bmv2] [D] [thread 13780] [13.0] [cxt 0] Deparser 'deparser': end
[21:02:30.307] [bmv2] [D] [thread 13782] [13.0] [cxt 0] Transmitting packet of size 54 out of port 2
[21:02:30.328] [bmv2] [D] [thread 13777] [14.0] [cxt 0] Processing packet received on port 2
[21:02:30.328] [bmv2] [D] [thread 13777] [14.0] [cxt 0] Parser 'parser': start
[21:02:30.328] [bmv2] [D] [thread 13777] [14.0] [cxt 0] Parser 'parser' entering state 'start'
[21:02:30.328] [bmv2] [D] [thread 13777] [14.0] [cxt 0] Extracting header 'ethernet'
[21:02:30.328] [bmv2] [D] [thread 13777] [14.0] [cxt 0] Parser state 'start': key is 0800
[21:02:30.328] [bmv2] [T] [thread 13777] [14.0] [cxt 0] Bytes parsed: 14
[21:02:30.328] [bmv2] [D] [thread 13777] [14.0] [cxt 0] Parser 'parser' entering state 'parse_ipv4'
[21:02:30.328] [bmv2] [D] [thread 13777] [14.0] [cxt 0] Extracting header 'ipv4'
[21:02:30.328] [bmv2] [D] [thread 13777] [14.0] [cxt 0] Parser state 'parse_ipv4' has no switch, going to default next state
[21:02:30.328] [bmv2] [T] [thread 13777] [14.0] [cxt 0] Bytes parsed: 34
[21:02:30.328] [bmv2] [D] [thread 13777] [14.0] [cxt 0] Verifying checksum 'cksum': true
[21:02:30.328] [bmv2] [D] [thread 13777] [14.0] [cxt 0] Parser 'parser': end
[21:02:30.328] [bmv2] [D] [thread 13777] [14.0] [cxt 0] Pipeline 'ingress': start
[21:02:30.328] [bmv2] [T] [thread 13777] [14.0] [cxt 0] basic.p4(133) Condition "hdr.ipv4.isValid()" (node_2) is true
[21:02:30.328] [bmv2] [T] [thread 13777] [14.0] [cxt 0] Applying table 'MyIngress.ipv4_lpm'
[21:02:30.328] [bmv2] [D] [thread 13777] [14.0] [cxt 0] Looking up key:
* hdr.ipv4.dstAddr    : 0a000202

[21:02:30.328] [bmv2] [D] [thread 13777] [14.0] [cxt 0] Table 'MyIngress.ipv4_lpm': hit with handle 1
[21:02:30.328] [bmv2] [D] [thread 13777] [14.0] [cxt 0] Dumping entry 1
Match key:
* hdr.ipv4.dstAddr    : LPM       0a000202/32
Action entry: MyIngress.ipv4_forward - 202,1,

[21:02:30.328] [bmv2] [D] [thread 13777] [14.0] [cxt 0] Action entry is MyIngress.ipv4_forward - 202,1,
[21:02:30.328] [bmv2] [T] [thread 13777] [14.0] [cxt 0] Action MyIngress.ipv4_forward
[21:02:30.328] [bmv2] [T] [thread 13777] [14.0] [cxt 0] basic.p4(110) Primitive standard_metadata.egress_spec = port
[21:02:30.328] [bmv2] [T] [thread 13777] [14.0] [cxt 0] basic.p4(111) Primitive hdr.ethernet.srcAddr = hdr.ethernet.dstAddr
[21:02:30.328] [bmv2] [T] [thread 13777] [14.0] [cxt 0] basic.p4(112) Primitive hdr.ethernet.dstAddr = dstAddr
[21:02:30.328] [bmv2] [T] [thread 13777] [14.0] [cxt 0] basic.p4(113) Primitive hdr.ipv4.ttl = hdr.ipv4.ttl -1
[21:02:30.328] [bmv2] [D] [thread 13777] [14.0] [cxt 0] Pipeline 'ingress': end
[21:02:30.328] [bmv2] [D] [thread 13777] [14.0] [cxt 0] Egress port is 1
[21:02:30.328] [bmv2] [D] [thread 13779] [14.0] [cxt 0] Pipeline 'egress': start
[21:02:30.328] [bmv2] [D] [thread 13779] [14.0] [cxt 0] Pipeline 'egress': end
[21:02:30.328] [bmv2] [D] [thread 13779] [14.0] [cxt 0] Deparser 'deparser': start
[21:02:30.328] [bmv2] [D] [thread 13779] [14.0] [cxt 0] Updating checksum 'cksum'
[21:02:30.328] [bmv2] [D] [thread 13779] [14.0] [cxt 0] Deparsing header 'ethernet'
[21:02:30.328] [bmv2] [D] [thread 13779] [14.0] [cxt 0] Deparsing header 'ipv4'
[21:02:30.328] [bmv2] [D] [thread 13779] [14.0] [cxt 0] Deparser 'deparser': end
[21:02:30.328] [bmv2] [D] [thread 13782] [14.0] [cxt 0] Transmitting packet of size 58 out of port 1
[21:02:30.328] [bmv2] [D] [thread 13777] [15.0] [cxt 0] Processing packet received on port 1
[21:02:30.328] [bmv2] [D] [thread 13777] [15.0] [cxt 0] Parser 'parser': start
[21:02:30.328] [bmv2] [D] [thread 13777] [15.0] [cxt 0] Parser 'parser' entering state 'start'
[21:02:30.328] [bmv2] [D] [thread 13777] [15.0] [cxt 0] Extracting header 'ethernet'
[21:02:30.328] [bmv2] [D] [thread 13777] [15.0] [cxt 0] Parser state 'start': key is 0800
[21:02:30.328] [bmv2] [T] [thread 13777] [15.0] [cxt 0] Bytes parsed: 14
[21:02:30.328] [bmv2] [D] [thread 13777] [15.0] [cxt 0] Parser 'parser' entering state 'parse_ipv4'
[21:02:30.328] [bmv2] [D] [thread 13777] [15.0] [cxt 0] Extracting header 'ipv4'
[21:02:30.328] [bmv2] [D] [thread 13777] [15.0] [cxt 0] Parser state 'parse_ipv4' has no switch, going to default next state
[21:02:30.328] [bmv2] [T] [thread 13777] [15.0] [cxt 0] Bytes parsed: 34
[21:02:30.328] [bmv2] [D] [thread 13777] [15.0] [cxt 0] Verifying checksum 'cksum': true
[21:02:30.328] [bmv2] [D] [thread 13777] [15.0] [cxt 0] Parser 'parser': end
[21:02:30.328] [bmv2] [D] [thread 13777] [15.0] [cxt 0] Pipeline 'ingress': start
[21:02:30.328] [bmv2] [T] [thread 13777] [15.0] [cxt 0] basic.p4(133) Condition "hdr.ipv4.isValid()" (node_2) is true
[21:02:30.328] [bmv2] [T] [thread 13777] [15.0] [cxt 0] Applying table 'MyIngress.ipv4_lpm'
[21:02:30.328] [bmv2] [D] [thread 13777] [15.0] [cxt 0] Looking up key:
* hdr.ipv4.dstAddr    : 0a000101

[21:02:30.328] [bmv2] [D] [thread 13777] [15.0] [cxt 0] Table 'MyIngress.ipv4_lpm': hit with handle 0
[21:02:30.328] [bmv2] [D] [thread 13777] [15.0] [cxt 0] Dumping entry 0
Match key:
* hdr.ipv4.dstAddr    : LPM       0a000101/32
Action entry: MyIngress.ipv4_forward - 10200,2,

[21:02:30.328] [bmv2] [D] [thread 13777] [15.0] [cxt 0] Action entry is MyIngress.ipv4_forward - 10200,2,
[21:02:30.328] [bmv2] [T] [thread 13777] [15.0] [cxt 0] Action MyIngress.ipv4_forward
[21:02:30.328] [bmv2] [T] [thread 13777] [15.0] [cxt 0] basic.p4(110) Primitive standard_metadata.egress_spec = port
[21:02:30.328] [bmv2] [T] [thread 13777] [15.0] [cxt 0] basic.p4(111) Primitive hdr.ethernet.srcAddr = hdr.ethernet.dstAddr
[21:02:30.328] [bmv2] [T] [thread 13777] [15.0] [cxt 0] basic.p4(112) Primitive hdr.ethernet.dstAddr = dstAddr
[21:02:30.328] [bmv2] [T] [thread 13777] [15.0] [cxt 0] basic.p4(113) Primitive hdr.ipv4.ttl = hdr.ipv4.ttl -1
[21:02:30.328] [bmv2] [D] [thread 13777] [15.0] [cxt 0] Pipeline 'ingress': end
[21:02:30.328] [bmv2] [D] [thread 13777] [15.0] [cxt 0] Egress port is 2
[21:02:30.328] [bmv2] [D] [thread 13780] [15.0] [cxt 0] Pipeline 'egress': start
[21:02:30.328] [bmv2] [D] [thread 13780] [15.0] [cxt 0] Pipeline 'egress': end
[21:02:30.328] [bmv2] [D] [thread 13780] [15.0] [cxt 0] Deparser 'deparser': start
[21:02:30.328] [bmv2] [D] [thread 13780] [15.0] [cxt 0] Updating checksum 'cksum'
[21:02:30.328] [bmv2] [D] [thread 13780] [15.0] [cxt 0] Deparsing header 'ethernet'
[21:02:30.328] [bmv2] [D] [thread 13780] [15.0] [cxt 0] Deparsing header 'ipv4'
[21:02:30.328] [bmv2] [D] [thread 13780] [15.0] [cxt 0] Deparser 'deparser': end
[21:02:30.328] [bmv2] [D] [thread 13782] [15.0] [cxt 0] Transmitting packet of size 54 out of port 2
[21:02:30.352] [bmv2] [D] [thread 13777] [16.0] [cxt 0] Processing packet received on port 2
[21:02:30.352] [bmv2] [D] [thread 13777] [16.0] [cxt 0] Parser 'parser': start
[21:02:30.352] [bmv2] [D] [thread 13777] [16.0] [cxt 0] Parser 'parser' entering state 'start'
[21:02:30.352] [bmv2] [D] [thread 13777] [16.0] [cxt 0] Extracting header 'ethernet'
[21:02:30.352] [bmv2] [D] [thread 13777] [16.0] [cxt 0] Parser state 'start': key is 0800
[21:02:30.352] [bmv2] [T] [thread 13777] [16.0] [cxt 0] Bytes parsed: 14
[21:02:30.352] [bmv2] [D] [thread 13777] [16.0] [cxt 0] Parser 'parser' entering state 'parse_ipv4'
[21:02:30.352] [bmv2] [D] [thread 13777] [16.0] [cxt 0] Extracting header 'ipv4'
[21:02:30.352] [bmv2] [D] [thread 13777] [16.0] [cxt 0] Parser state 'parse_ipv4' has no switch, going to default next state
[21:02:30.352] [bmv2] [T] [thread 13777] [16.0] [cxt 0] Bytes parsed: 34
[21:02:30.352] [bmv2] [D] [thread 13777] [16.0] [cxt 0] Verifying checksum 'cksum': true
[21:02:30.352] [bmv2] [D] [thread 13777] [16.0] [cxt 0] Parser 'parser': end
[21:02:30.352] [bmv2] [D] [thread 13777] [16.0] [cxt 0] Pipeline 'ingress': start
[21:02:30.352] [bmv2] [T] [thread 13777] [16.0] [cxt 0] basic.p4(133) Condition "hdr.ipv4.isValid()" (node_2) is true
[21:02:30.352] [bmv2] [T] [thread 13777] [16.0] [cxt 0] Applying table 'MyIngress.ipv4_lpm'
[21:02:30.352] [bmv2] [D] [thread 13777] [16.0] [cxt 0] Looking up key:
* hdr.ipv4.dstAddr    : 0a000202

[21:02:30.352] [bmv2] [D] [thread 13777] [16.0] [cxt 0] Table 'MyIngress.ipv4_lpm': hit with handle 1
[21:02:30.352] [bmv2] [D] [thread 13777] [16.0] [cxt 0] Dumping entry 1
Match key:
* hdr.ipv4.dstAddr    : LPM       0a000202/32
Action entry: MyIngress.ipv4_forward - 202,1,

[21:02:30.352] [bmv2] [D] [thread 13777] [16.0] [cxt 0] Action entry is MyIngress.ipv4_forward - 202,1,
[21:02:30.352] [bmv2] [T] [thread 13777] [16.0] [cxt 0] Action MyIngress.ipv4_forward
[21:02:30.352] [bmv2] [T] [thread 13777] [16.0] [cxt 0] basic.p4(110) Primitive standard_metadata.egress_spec = port
[21:02:30.352] [bmv2] [T] [thread 13777] [16.0] [cxt 0] basic.p4(111) Primitive hdr.ethernet.srcAddr = hdr.ethernet.dstAddr
[21:02:30.352] [bmv2] [T] [thread 13777] [16.0] [cxt 0] basic.p4(112) Primitive hdr.ethernet.dstAddr = dstAddr
[21:02:30.352] [bmv2] [T] [thread 13777] [16.0] [cxt 0] basic.p4(113) Primitive hdr.ipv4.ttl = hdr.ipv4.ttl -1
[21:02:30.352] [bmv2] [D] [thread 13777] [16.0] [cxt 0] Pipeline 'ingress': end
[21:02:30.352] [bmv2] [D] [thread 13777] [16.0] [cxt 0] Egress port is 1
[21:02:30.352] [bmv2] [D] [thread 13779] [16.0] [cxt 0] Pipeline 'egress': start
[21:02:30.352] [bmv2] [D] [thread 13779] [16.0] [cxt 0] Pipeline 'egress': end
[21:02:30.352] [bmv2] [D] [thread 13779] [16.0] [cxt 0] Deparser 'deparser': start
[21:02:30.352] [bmv2] [D] [thread 13779] [16.0] [cxt 0] Updating checksum 'cksum'
[21:02:30.352] [bmv2] [D] [thread 13779] [16.0] [cxt 0] Deparsing header 'ethernet'
[21:02:30.352] [bmv2] [D] [thread 13779] [16.0] [cxt 0] Deparsing header 'ipv4'
[21:02:30.352] [bmv2] [D] [thread 13779] [16.0] [cxt 0] Deparser 'deparser': end
[21:02:30.352] [bmv2] [D] [thread 13782] [16.0] [cxt 0] Transmitting packet of size 58 out of port 1
[21:02:30.352] [bmv2] [D] [thread 13777] [17.0] [cxt 0] Processing packet received on port 1
[21:02:30.352] [bmv2] [D] [thread 13777] [17.0] [cxt 0] Parser 'parser': start
[21:02:30.352] [bmv2] [D] [thread 13777] [17.0] [cxt 0] Parser 'parser' entering state 'start'
[21:02:30.352] [bmv2] [D] [thread 13777] [17.0] [cxt 0] Extracting header 'ethernet'
[21:02:30.352] [bmv2] [D] [thread 13777] [17.0] [cxt 0] Parser state 'start': key is 0800
[21:02:30.352] [bmv2] [T] [thread 13777] [17.0] [cxt 0] Bytes parsed: 14
[21:02:30.352] [bmv2] [D] [thread 13777] [17.0] [cxt 0] Parser 'parser' entering state 'parse_ipv4'
[21:02:30.352] [bmv2] [D] [thread 13777] [17.0] [cxt 0] Extracting header 'ipv4'
[21:02:30.352] [bmv2] [D] [thread 13777] [17.0] [cxt 0] Parser state 'parse_ipv4' has no switch, going to default next state
[21:02:30.352] [bmv2] [T] [thread 13777] [17.0] [cxt 0] Bytes parsed: 34
[21:02:30.352] [bmv2] [D] [thread 13777] [17.0] [cxt 0] Verifying checksum 'cksum': true
[21:02:30.352] [bmv2] [D] [thread 13777] [17.0] [cxt 0] Parser 'parser': end
[21:02:30.352] [bmv2] [D] [thread 13777] [17.0] [cxt 0] Pipeline 'ingress': start
[21:02:30.352] [bmv2] [T] [thread 13777] [17.0] [cxt 0] basic.p4(133) Condition "hdr.ipv4.isValid()" (node_2) is true
[21:02:30.352] [bmv2] [T] [thread 13777] [17.0] [cxt 0] Applying table 'MyIngress.ipv4_lpm'
[21:02:30.352] [bmv2] [D] [thread 13777] [17.0] [cxt 0] Looking up key:
* hdr.ipv4.dstAddr    : 0a000101

[21:02:30.352] [bmv2] [D] [thread 13777] [17.0] [cxt 0] Table 'MyIngress.ipv4_lpm': hit with handle 0
[21:02:30.352] [bmv2] [D] [thread 13777] [17.0] [cxt 0] Dumping entry 0
Match key:
* hdr.ipv4.dstAddr    : LPM       0a000101/32
Action entry: MyIngress.ipv4_forward - 10200,2,

[21:02:30.352] [bmv2] [D] [thread 13777] [17.0] [cxt 0] Action entry is MyIngress.ipv4_forward - 10200,2,
[21:02:30.352] [bmv2] [T] [thread 13777] [17.0] [cxt 0] Action MyIngress.ipv4_forward
[21:02:30.352] [bmv2] [T] [thread 13777] [17.0] [cxt 0] basic.p4(110) Primitive standard_metadata.egress_spec = port
[21:02:30.353] [bmv2] [T] [thread 13777] [17.0] [cxt 0] basic.p4(111) Primitive hdr.ethernet.srcAddr = hdr.ethernet.dstAddr
[21:02:30.353] [bmv2] [T] [thread 13777] [17.0] [cxt 0] basic.p4(112) Primitive hdr.ethernet.dstAddr = dstAddr
[21:02:30.353] [bmv2] [T] [thread 13777] [17.0] [cxt 0] basic.p4(113) Primitive hdr.ipv4.ttl = hdr.ipv4.ttl -1
[21:02:30.353] [bmv2] [D] [thread 13777] [17.0] [cxt 0] Pipeline 'ingress': end
[21:02:30.353] [bmv2] [D] [thread 13777] [17.0] [cxt 0] Egress port is 2
[21:02:30.353] [bmv2] [D] [thread 13780] [17.0] [cxt 0] Pipeline 'egress': start
[21:02:30.353] [bmv2] [D] [thread 13780] [17.0] [cxt 0] Pipeline 'egress': end
[21:02:30.353] [bmv2] [D] [thread 13780] [17.0] [cxt 0] Deparser 'deparser': start
[21:02:30.353] [bmv2] [D] [thread 13780] [17.0] [cxt 0] Updating checksum 'cksum'
[21:02:30.353] [bmv2] [D] [thread 13780] [17.0] [cxt 0] Deparsing header 'ethernet'
[21:02:30.353] [bmv2] [D] [thread 13780] [17.0] [cxt 0] Deparsing header 'ipv4'
[21:02:30.353] [bmv2] [D] [thread 13780] [17.0] [cxt 0] Deparser 'deparser': end
[21:02:30.353] [bmv2] [D] [thread 13782] [17.0] [cxt 0] Transmitting packet of size 54 out of port 2
[21:02:30.376] [bmv2] [D] [thread 13777] [18.0] [cxt 0] Processing packet received on port 2
[21:02:30.376] [bmv2] [D] [thread 13777] [18.0] [cxt 0] Parser 'parser': start
[21:02:30.376] [bmv2] [D] [thread 13777] [18.0] [cxt 0] Parser 'parser' entering state 'start'
[21:02:30.376] [bmv2] [D] [thread 13777] [18.0] [cxt 0] Extracting header 'ethernet'
[21:02:30.376] [bmv2] [D] [thread 13777] [18.0] [cxt 0] Parser state 'start': key is 0800
[21:02:30.376] [bmv2] [T] [thread 13777] [18.0] [cxt 0] Bytes parsed: 14
[21:02:30.376] [bmv2] [D] [thread 13777] [18.0] [cxt 0] Parser 'parser' entering state 'parse_ipv4'
[21:02:30.376] [bmv2] [D] [thread 13777] [18.0] [cxt 0] Extracting header 'ipv4'
[21:02:30.376] [bmv2] [D] [thread 13777] [18.0] [cxt 0] Parser state 'parse_ipv4' has no switch, going to default next state
[21:02:30.376] [bmv2] [T] [thread 13777] [18.0] [cxt 0] Bytes parsed: 34
[21:02:30.376] [bmv2] [D] [thread 13777] [18.0] [cxt 0] Verifying checksum 'cksum': true
[21:02:30.376] [bmv2] [D] [thread 13777] [18.0] [cxt 0] Parser 'parser': end
[21:02:30.376] [bmv2] [D] [thread 13777] [18.0] [cxt 0] Pipeline 'ingress': start
[21:02:30.376] [bmv2] [T] [thread 13777] [18.0] [cxt 0] basic.p4(133) Condition "hdr.ipv4.isValid()" (node_2) is true
[21:02:30.376] [bmv2] [T] [thread 13777] [18.0] [cxt 0] Applying table 'MyIngress.ipv4_lpm'
[21:02:30.376] [bmv2] [D] [thread 13777] [18.0] [cxt 0] Looking up key:
* hdr.ipv4.dstAddr    : 0a000202

[21:02:30.376] [bmv2] [D] [thread 13777] [18.0] [cxt 0] Table 'MyIngress.ipv4_lpm': hit with handle 1
[21:02:30.376] [bmv2] [D] [thread 13777] [18.0] [cxt 0] Dumping entry 1
Match key:
* hdr.ipv4.dstAddr    : LPM       0a000202/32
Action entry: MyIngress.ipv4_forward - 202,1,

[21:02:30.376] [bmv2] [D] [thread 13777] [18.0] [cxt 0] Action entry is MyIngress.ipv4_forward - 202,1,
[21:02:30.376] [bmv2] [T] [thread 13777] [18.0] [cxt 0] Action MyIngress.ipv4_forward
[21:02:30.376] [bmv2] [T] [thread 13777] [18.0] [cxt 0] basic.p4(110) Primitive standard_metadata.egress_spec = port
[21:02:30.376] [bmv2] [T] [thread 13777] [18.0] [cxt 0] basic.p4(111) Primitive hdr.ethernet.srcAddr = hdr.ethernet.dstAddr
[21:02:30.376] [bmv2] [T] [thread 13777] [18.0] [cxt 0] basic.p4(112) Primitive hdr.ethernet.dstAddr = dstAddr
[21:02:30.376] [bmv2] [T] [thread 13777] [18.0] [cxt 0] basic.p4(113) Primitive hdr.ipv4.ttl = hdr.ipv4.ttl -1
[21:02:30.376] [bmv2] [D] [thread 13777] [18.0] [cxt 0] Pipeline 'ingress': end
[21:02:30.376] [bmv2] [D] [thread 13777] [18.0] [cxt 0] Egress port is 1
[21:02:30.376] [bmv2] [D] [thread 13779] [18.0] [cxt 0] Pipeline 'egress': start
[21:02:30.376] [bmv2] [D] [thread 13779] [18.0] [cxt 0] Pipeline 'egress': end
[21:02:30.376] [bmv2] [D] [thread 13779] [18.0] [cxt 0] Deparser 'deparser': start
[21:02:30.376] [bmv2] [D] [thread 13779] [18.0] [cxt 0] Updating checksum 'cksum'
[21:02:30.376] [bmv2] [D] [thread 13779] [18.0] [cxt 0] Deparsing header 'ethernet'
[21:02:30.376] [bmv2] [D] [thread 13779] [18.0] [cxt 0] Deparsing header 'ipv4'
[21:02:30.376] [bmv2] [D] [thread 13779] [18.0] [cxt 0] Deparser 'deparser': end
[21:02:30.376] [bmv2] [D] [thread 13782] [18.0] [cxt 0] Transmitting packet of size 58 out of port 1
[21:02:30.376] [bmv2] [D] [thread 13777] [19.0] [cxt 0] Processing packet received on port 1
[21:02:30.376] [bmv2] [D] [thread 13777] [19.0] [cxt 0] Parser 'parser': start
[21:02:30.376] [bmv2] [D] [thread 13777] [19.0] [cxt 0] Parser 'parser' entering state 'start'
[21:02:30.376] [bmv2] [D] [thread 13777] [19.0] [cxt 0] Extracting header 'ethernet'
[21:02:30.376] [bmv2] [D] [thread 13777] [19.0] [cxt 0] Parser state 'start': key is 0800
[21:02:30.376] [bmv2] [T] [thread 13777] [19.0] [cxt 0] Bytes parsed: 14
[21:02:30.376] [bmv2] [D] [thread 13777] [19.0] [cxt 0] Parser 'parser' entering state 'parse_ipv4'
[21:02:30.376] [bmv2] [D] [thread 13777] [19.0] [cxt 0] Extracting header 'ipv4'
[21:02:30.376] [bmv2] [D] [thread 13777] [19.0] [cxt 0] Parser state 'parse_ipv4' has no switch, going to default next state
[21:02:30.376] [bmv2] [T] [thread 13777] [19.0] [cxt 0] Bytes parsed: 34
[21:02:30.376] [bmv2] [D] [thread 13777] [19.0] [cxt 0] Verifying checksum 'cksum': true
[21:02:30.376] [bmv2] [D] [thread 13777] [19.0] [cxt 0] Parser 'parser': end
[21:02:30.376] [bmv2] [D] [thread 13777] [19.0] [cxt 0] Pipeline 'ingress': start
[21:02:30.376] [bmv2] [T] [thread 13777] [19.0] [cxt 0] basic.p4(133) Condition "hdr.ipv4.isValid()" (node_2) is true
[21:02:30.376] [bmv2] [T] [thread 13777] [19.0] [cxt 0] Applying table 'MyIngress.ipv4_lpm'
[21:02:30.376] [bmv2] [D] [thread 13777] [19.0] [cxt 0] Looking up key:
* hdr.ipv4.dstAddr    : 0a000101

[21:02:30.376] [bmv2] [D] [thread 13777] [19.0] [cxt 0] Table 'MyIngress.ipv4_lpm': hit with handle 0
[21:02:30.376] [bmv2] [D] [thread 13777] [19.0] [cxt 0] Dumping entry 0
Match key:
* hdr.ipv4.dstAddr    : LPM       0a000101/32
Action entry: MyIngress.ipv4_forward - 10200,2,

[21:02:30.376] [bmv2] [D] [thread 13777] [19.0] [cxt 0] Action entry is MyIngress.ipv4_forward - 10200,2,
[21:02:30.376] [bmv2] [T] [thread 13777] [19.0] [cxt 0] Action MyIngress.ipv4_forward
[21:02:30.376] [bmv2] [T] [thread 13777] [19.0] [cxt 0] basic.p4(110) Primitive standard_metadata.egress_spec = port
[21:02:30.376] [bmv2] [T] [thread 13777] [19.0] [cxt 0] basic.p4(111) Primitive hdr.ethernet.srcAddr = hdr.ethernet.dstAddr
[21:02:30.376] [bmv2] [T] [thread 13777] [19.0] [cxt 0] basic.p4(112) Primitive hdr.ethernet.dstAddr = dstAddr
[21:02:30.376] [bmv2] [T] [thread 13777] [19.0] [cxt 0] basic.p4(113) Primitive hdr.ipv4.ttl = hdr.ipv4.ttl -1
[21:02:30.376] [bmv2] [D] [thread 13777] [19.0] [cxt 0] Pipeline 'ingress': end
[21:02:30.376] [bmv2] [D] [thread 13777] [19.0] [cxt 0] Egress port is 2
[21:02:30.376] [bmv2] [D] [thread 13780] [19.0] [cxt 0] Pipeline 'egress': start
[21:02:30.376] [bmv2] [D] [thread 13780] [19.0] [cxt 0] Pipeline 'egress': end
[21:02:30.376] [bmv2] [D] [thread 13780] [19.0] [cxt 0] Deparser 'deparser': start
[21:02:30.376] [bmv2] [D] [thread 13780] [19.0] [cxt 0] Updating checksum 'cksum'
[21:02:30.376] [bmv2] [D] [thread 13780] [19.0] [cxt 0] Deparsing header 'ethernet'
[21:02:30.376] [bmv2] [D] [thread 13780] [19.0] [cxt 0] Deparsing header 'ipv4'
[21:02:30.376] [bmv2] [D] [thread 13780] [19.0] [cxt 0] Deparser 'deparser': end
[21:02:30.376] [bmv2] [D] [thread 13782] [19.0] [cxt 0] Transmitting packet of size 54 out of port 2
open: No such file or directory
open: No such file or directory
