Calling target program-options parser
Adding interface s3-eth1 as port 1
[21:02:18.060] [bmv2] [D] [thread 13722] Adding interface s3-eth1 as port 1
Adding interface s3-eth2 as port 2
[21:02:18.083] [bmv2] [D] [thread 13722] Adding interface s3-eth2 as port 2
Adding interface s3-eth3 as port 3
[21:02:18.116] [bmv2] [D] [thread 13722] Adding interface s3-eth3 as port 3
I1126 21:02:18.187831813   13722 server_builder.cc:247]      Synchronous server. Num CQs: 1, Min pollers: 1, Max Pollers: 2147483647, CQ timeout (msec): 1000
Server listening on 0.0.0.0:50053
Thrift server was started
New connection
P4Runtime SetForwardingPipelineConfig
[21:02:19.658] [bmv2] [D] [thread 13759] Set default default entry for table 'MyIngress.ipv4_lpm': MyIngress.drop - 
P4Runtime Write
device_id: 2
election_id {
  low: 1
}
updates {
  type: INSERT
  entity {
    table_entry {
      table_id: 33574068
      action {
        action {
          action_id: 16805608
        }
      }
      is_default_action: true
    }
  }
}
[21:02:19.661] [bmv2] [D] [thread 13759] Set default entry for table 'MyIngress.ipv4_lpm': MyIngress.drop - 
P4Runtime Write
device_id: 2
election_id {
  low: 1
}
updates {
  type: INSERT
  entity {
    table_entry {
      table_id: 33574068
      match {
        field_id: 1
        lpm {
          value: "\n\000\001\001"
          prefix_len: 32
        }
      }
      action {
        action {
          action_id: 16799317
          params {
            param_id: 1
            value: "\000\000\000\001\003\000"
          }
          params {
            param_id: 2
            value: "\000\002"
          }
        }
      }
    }
  }
}
[21:02:19.663] [bmv2] [D] [thread 13759] Entry 0 added to table 'MyIngress.ipv4_lpm'
[21:02:19.663] [bmv2] [D] [thread 13759] Dumping entry 0
Match key:
* hdr.ipv4.dstAddr    : LPM       0a000101/32
Action entry: MyIngress.ipv4_forward - 10300,2,

P4Runtime Write
device_id: 2
election_id {
  low: 1
}
updates {
  type: INSERT
  entity {
    table_entry {
      table_id: 33574068
      match {
        field_id: 1
        lpm {
          value: "\n\000\002\002"
          prefix_len: 32
        }
      }
      action {
        action {
          action_id: 16799317
          params {
            param_id: 1
            value: "\000\000\000\002\003\000"
          }
          params {
            param_id: 2
            value: "\000\003"
          }
        }
      }
    }
  }
}
[21:02:19.665] [bmv2] [D] [thread 13759] Entry 1 added to table 'MyIngress.ipv4_lpm'
[21:02:19.665] [bmv2] [D] [thread 13759] Dumping entry 1
Match key:
* hdr.ipv4.dstAddr    : LPM       0a000202/32
Action entry: MyIngress.ipv4_forward - 20300,3,

P4Runtime Write
device_id: 2
election_id {
  low: 1
}
updates {
  type: INSERT
  entity {
    table_entry {
      table_id: 33574068
      match {
        field_id: 1
        lpm {
          value: "\n\000\003\003"
          prefix_len: 32
        }
      }
      action {
        action {
          action_id: 16799317
          params {
            param_id: 1
            value: "\000\000\000\000\003\003"
          }
          params {
            param_id: 2
            value: "\000\001"
          }
        }
      }
    }
  }
}
[21:02:19.666] [bmv2] [D] [thread 13759] Entry 2 added to table 'MyIngress.ipv4_lpm'
[21:02:19.666] [bmv2] [D] [thread 13759] Dumping entry 2
Match key:
* hdr.ipv4.dstAddr    : LPM       0a000303/32
Action entry: MyIngress.ipv4_forward - 303,1,

open: No such file or directory
open: No such file or directory
